               ramulator.active_cycles_0            10505310                                      # Total active cycles for level _0
                 ramulator.busy_cycles_0            10505310                                      # (All-bank refresh only. busy cycles only include refresh time in rank level) The sum of cycles that the DRAM part is active or under refresh for level _0
            ramulator.serving_requests_0            13238169                                      # The sum of read and write requests that are served in this DRAM element per memory cycle for level _0
    ramulator.average_serving_requests_0            0.474537                                      # The average of read and write requests that are served in this DRAM element per memory cycle for level _0
             ramulator.active_cycles_0_0            10505310                                      # Total active cycles for level _0_0
               ramulator.busy_cycles_0_0            11654430                                      # (All-bank refresh only. busy cycles only include refresh time in rank level) The sum of cycles that the DRAM part is active or under refresh for level _0_0
          ramulator.serving_requests_0_0            13238169                                      # The sum of read and write requests that are served in this DRAM element per memory cycle for level _0_0
  ramulator.average_serving_requests_0_0            0.474537                                      # The average of read and write requests that are served in this DRAM element per memory cycle for level _0_0
           ramulator.active_cycles_0_0_0             3173787                                      # Total active cycles for level _0_0_0
             ramulator.busy_cycles_0_0_0             3173787                                      # (All-bank refresh only. busy cycles only include refresh time in rank level) The sum of cycles that the DRAM part is active or under refresh for level _0_0_0
        ramulator.serving_requests_0_0_0             3344991                                      # The sum of read and write requests that are served in this DRAM element per memory cycle for level _0_0_0
ramulator.average_serving_requests_0_0_0            0.119905                                      # The average of read and write requests that are served in this DRAM element per memory cycle for level _0_0_0
         ramulator.active_cycles_0_0_0_0              762720                                      # Total active cycles for level _0_0_0_0
           ramulator.busy_cycles_0_0_0_0              762720                                      # (All-bank refresh only. busy cycles only include refresh time in rank level) The sum of cycles that the DRAM part is active or under refresh for level _0_0_0_0
      ramulator.serving_requests_0_0_0_0              765565                                      # The sum of read and write requests that are served in this DRAM element per memory cycle for level _0_0_0_0
ramulator.average_serving_requests_0_0_0_0            0.027443                                      # The average of read and write requests that are served in this DRAM element per memory cycle for level _0_0_0_0
         ramulator.active_cycles_0_0_0_1              812586                                      # Total active cycles for level _0_0_0_1
           ramulator.busy_cycles_0_0_0_1              812586                                      # (All-bank refresh only. busy cycles only include refresh time in rank level) The sum of cycles that the DRAM part is active or under refresh for level _0_0_0_1
      ramulator.serving_requests_0_0_0_1              816799                                      # The sum of read and write requests that are served in this DRAM element per memory cycle for level _0_0_0_1
ramulator.average_serving_requests_0_0_0_1            0.029279                                      # The average of read and write requests that are served in this DRAM element per memory cycle for level _0_0_0_1
         ramulator.active_cycles_0_0_0_2              855747                                      # Total active cycles for level _0_0_0_2
           ramulator.busy_cycles_0_0_0_2              855747                                      # (All-bank refresh only. busy cycles only include refresh time in rank level) The sum of cycles that the DRAM part is active or under refresh for level _0_0_0_2
      ramulator.serving_requests_0_0_0_2              861561                                      # The sum of read and write requests that are served in this DRAM element per memory cycle for level _0_0_0_2
ramulator.average_serving_requests_0_0_0_2            0.030884                                      # The average of read and write requests that are served in this DRAM element per memory cycle for level _0_0_0_2
         ramulator.active_cycles_0_0_0_3              893844                                      # Total active cycles for level _0_0_0_3
           ramulator.busy_cycles_0_0_0_3              893844                                      # (All-bank refresh only. busy cycles only include refresh time in rank level) The sum of cycles that the DRAM part is active or under refresh for level _0_0_0_3
      ramulator.serving_requests_0_0_0_3              901066                                      # The sum of read and write requests that are served in this DRAM element per memory cycle for level _0_0_0_3
ramulator.average_serving_requests_0_0_0_3            0.032300                                      # The average of read and write requests that are served in this DRAM element per memory cycle for level _0_0_0_3
           ramulator.active_cycles_0_0_1             3240668                                      # Total active cycles for level _0_0_1
             ramulator.busy_cycles_0_0_1             3240668                                      # (All-bank refresh only. busy cycles only include refresh time in rank level) The sum of cycles that the DRAM part is active or under refresh for level _0_0_1
        ramulator.serving_requests_0_0_1             3416216                                      # The sum of read and write requests that are served in this DRAM element per memory cycle for level _0_0_1
ramulator.average_serving_requests_0_0_1            0.122458                                      # The average of read and write requests that are served in this DRAM element per memory cycle for level _0_0_1
         ramulator.active_cycles_0_0_1_0              909014                                      # Total active cycles for level _0_0_1_0
           ramulator.busy_cycles_0_0_1_0              909014                                      # (All-bank refresh only. busy cycles only include refresh time in rank level) The sum of cycles that the DRAM part is active or under refresh for level _0_0_1_0
      ramulator.serving_requests_0_0_1_0              916388                                      # The sum of read and write requests that are served in this DRAM element per memory cycle for level _0_0_1_0
ramulator.average_serving_requests_0_0_1_0            0.032849                                      # The average of read and write requests that are served in this DRAM element per memory cycle for level _0_0_1_0
         ramulator.active_cycles_0_0_1_1              861905                                      # Total active cycles for level _0_0_1_1
           ramulator.busy_cycles_0_0_1_1              861905                                      # (All-bank refresh only. busy cycles only include refresh time in rank level) The sum of cycles that the DRAM part is active or under refresh for level _0_0_1_1
      ramulator.serving_requests_0_0_1_1              867290                                      # The sum of read and write requests that are served in this DRAM element per memory cycle for level _0_0_1_1
ramulator.average_serving_requests_0_0_1_1            0.031089                                      # The average of read and write requests that are served in this DRAM element per memory cycle for level _0_0_1_1
         ramulator.active_cycles_0_0_1_2              884385                                      # Total active cycles for level _0_0_1_2
           ramulator.busy_cycles_0_0_1_2              884385                                      # (All-bank refresh only. busy cycles only include refresh time in rank level) The sum of cycles that the DRAM part is active or under refresh for level _0_0_1_2
      ramulator.serving_requests_0_0_1_2              891222                                      # The sum of read and write requests that are served in this DRAM element per memory cycle for level _0_0_1_2
ramulator.average_serving_requests_0_0_1_2            0.031947                                      # The average of read and write requests that are served in this DRAM element per memory cycle for level _0_0_1_2
         ramulator.active_cycles_0_0_1_3              738396                                      # Total active cycles for level _0_0_1_3
           ramulator.busy_cycles_0_0_1_3              738396                                      # (All-bank refresh only. busy cycles only include refresh time in rank level) The sum of cycles that the DRAM part is active or under refresh for level _0_0_1_3
      ramulator.serving_requests_0_0_1_3              741316                                      # The sum of read and write requests that are served in this DRAM element per memory cycle for level _0_0_1_3
ramulator.average_serving_requests_0_0_1_3            0.026573                                      # The average of read and write requests that are served in this DRAM element per memory cycle for level _0_0_1_3
           ramulator.active_cycles_0_0_2             3205171                                      # Total active cycles for level _0_0_2
             ramulator.busy_cycles_0_0_2             3205171                                      # (All-bank refresh only. busy cycles only include refresh time in rank level) The sum of cycles that the DRAM part is active or under refresh for level _0_0_2
        ramulator.serving_requests_0_0_2             3373053                                      # The sum of read and write requests that are served in this DRAM element per memory cycle for level _0_0_2
ramulator.average_serving_requests_0_0_2            0.120911                                      # The average of read and write requests that are served in this DRAM element per memory cycle for level _0_0_2
         ramulator.active_cycles_0_0_2_0              798392                                      # Total active cycles for level _0_0_2_0
           ramulator.busy_cycles_0_0_2_0              798392                                      # (All-bank refresh only. busy cycles only include refresh time in rank level) The sum of cycles that the DRAM part is active or under refresh for level _0_0_2_0
      ramulator.serving_requests_0_0_2_0              800906                                      # The sum of read and write requests that are served in this DRAM element per memory cycle for level _0_0_2_0
ramulator.average_serving_requests_0_0_2_0            0.028709                                      # The average of read and write requests that are served in this DRAM element per memory cycle for level _0_0_2_0
         ramulator.active_cycles_0_0_2_1              781013                                      # Total active cycles for level _0_0_2_1
           ramulator.busy_cycles_0_0_2_1              781013                                      # (All-bank refresh only. busy cycles only include refresh time in rank level) The sum of cycles that the DRAM part is active or under refresh for level _0_0_2_1
      ramulator.serving_requests_0_0_2_1              784362                                      # The sum of read and write requests that are served in this DRAM element per memory cycle for level _0_0_2_1
ramulator.average_serving_requests_0_0_2_1            0.028116                                      # The average of read and write requests that are served in this DRAM element per memory cycle for level _0_0_2_1
         ramulator.active_cycles_0_0_2_2              932084                                      # Total active cycles for level _0_0_2_2
           ramulator.busy_cycles_0_0_2_2              932084                                      # (All-bank refresh only. busy cycles only include refresh time in rank level) The sum of cycles that the DRAM part is active or under refresh for level _0_0_2_2
      ramulator.serving_requests_0_0_2_2              937604                                      # The sum of read and write requests that are served in this DRAM element per memory cycle for level _0_0_2_2
ramulator.average_serving_requests_0_0_2_2            0.033609                                      # The average of read and write requests that are served in this DRAM element per memory cycle for level _0_0_2_2
         ramulator.active_cycles_0_0_2_3              845204                                      # Total active cycles for level _0_0_2_3
           ramulator.busy_cycles_0_0_2_3              845204                                      # (All-bank refresh only. busy cycles only include refresh time in rank level) The sum of cycles that the DRAM part is active or under refresh for level _0_0_2_3
      ramulator.serving_requests_0_0_2_3              850181                                      # The sum of read and write requests that are served in this DRAM element per memory cycle for level _0_0_2_3
ramulator.average_serving_requests_0_0_2_3            0.030476                                      # The average of read and write requests that are served in this DRAM element per memory cycle for level _0_0_2_3
           ramulator.active_cycles_0_0_3             2953456                                      # Total active cycles for level _0_0_3
             ramulator.busy_cycles_0_0_3             2953456                                      # (All-bank refresh only. busy cycles only include refresh time in rank level) The sum of cycles that the DRAM part is active or under refresh for level _0_0_3
        ramulator.serving_requests_0_0_3             3103909                                      # The sum of read and write requests that are served in this DRAM element per memory cycle for level _0_0_3
ramulator.average_serving_requests_0_0_3            0.111263                                      # The average of read and write requests that are served in this DRAM element per memory cycle for level _0_0_3
         ramulator.active_cycles_0_0_3_0              851800                                      # Total active cycles for level _0_0_3_0
           ramulator.busy_cycles_0_0_3_0              851800                                      # (All-bank refresh only. busy cycles only include refresh time in rank level) The sum of cycles that the DRAM part is active or under refresh for level _0_0_3_0
      ramulator.serving_requests_0_0_3_0              858851                                      # The sum of read and write requests that are served in this DRAM element per memory cycle for level _0_0_3_0
ramulator.average_serving_requests_0_0_3_0            0.030786                                      # The average of read and write requests that are served in this DRAM element per memory cycle for level _0_0_3_0
         ramulator.active_cycles_0_0_3_1              730797                                      # Total active cycles for level _0_0_3_1
           ramulator.busy_cycles_0_0_3_1              730797                                      # (All-bank refresh only. busy cycles only include refresh time in rank level) The sum of cycles that the DRAM part is active or under refresh for level _0_0_3_1
      ramulator.serving_requests_0_0_3_1              732941                                      # The sum of read and write requests that are served in this DRAM element per memory cycle for level _0_0_3_1
ramulator.average_serving_requests_0_0_3_1            0.026273                                      # The average of read and write requests that are served in this DRAM element per memory cycle for level _0_0_3_1
         ramulator.active_cycles_0_0_3_2              727622                                      # Total active cycles for level _0_0_3_2
           ramulator.busy_cycles_0_0_3_2              727622                                      # (All-bank refresh only. busy cycles only include refresh time in rank level) The sum of cycles that the DRAM part is active or under refresh for level _0_0_3_2
      ramulator.serving_requests_0_0_3_2              729675                                      # The sum of read and write requests that are served in this DRAM element per memory cycle for level _0_0_3_2
ramulator.average_serving_requests_0_0_3_2            0.026156                                      # The average of read and write requests that are served in this DRAM element per memory cycle for level _0_0_3_2
         ramulator.active_cycles_0_0_3_3              777000                                      # Total active cycles for level _0_0_3_3
           ramulator.busy_cycles_0_0_3_3              777000                                      # (All-bank refresh only. busy cycles only include refresh time in rank level) The sum of cycles that the DRAM part is active or under refresh for level _0_0_3_3
      ramulator.serving_requests_0_0_3_3              782442                                      # The sum of read and write requests that are served in this DRAM element per memory cycle for level _0_0_3_3
ramulator.average_serving_requests_0_0_3_3            0.028048                                      # The average of read and write requests that are served in this DRAM element per memory cycle for level _0_0_3_3
      ramulator.read_transaction_bytes_0            30438784                                      # The total byte of read transaction per channel
     ramulator.write_transaction_bytes_0             2366592                                      # The total byte of write transaction per channel
       ramulator.row_hits_channel_0_core              424221                                      # Number of row hits per channel per core
     ramulator.row_misses_channel_0_core               33832                                      # Number of row misses per channel per core
  ramulator.row_conflicts_channel_0_core               54531                                      # Number of row conflicts per channel per core
  ramulator.read_row_hits_channel_0_core              394668                                      # Number of row hits for read requests per channel per core
                                     [0]            394668.0                                      # 
ramulator.read_row_misses_channel_0_core               30457                                      # Number of row misses for read requests per channel per core
                                     [0]             30457.0                                      # 
ramulator.read_row_conflicts_channel_0_core               50481                                      # Number of row conflicts for read requests per channel per core
                                     [0]             50481.0                                      # 
 ramulator.write_row_hits_channel_0_core               29553                                      # Number of row hits for write requests per channel per core
                                     [0]             29553.0                                      # 
ramulator.write_row_misses_channel_0_core                3375                                      # Number of row misses for write requests per channel per core
                                     [0]              3375.0                                      # 
ramulator.write_row_conflicts_channel_0_core                4050                                      # Number of row conflicts for write requests per channel per core
                                     [0]              4050.0                                      # 
      ramulator.useless_activates_0_core                  12                                      # Number of useless activations. E.g, ACT -> PRE w/o RD or WR
            ramulator.read_latency_avg_0           30.346268                                      # The average memory latency cycles (in memory time domain) per request for all read requests in this channel
            ramulator.read_latency_sum_0            14432867                                      # The memory latency cycles (in memory time domain) sum for all read requests in this channel
        ramulator.req_queue_length_avg_0           14.681475                                      # Average of read and write queue length per memory cycle per channel.
        ramulator.req_queue_length_sum_0           409569462                                      # Sum of read and write queue length per memory cycle per channel.
   ramulator.read_req_queue_length_avg_0            0.470815                                      # Read queue length average per memory cycle per channel.
   ramulator.read_req_queue_length_sum_0            13134346                                      # Read queue length sum per memory cycle per channel.
  ramulator.write_req_queue_length_avg_0           14.210660                                      # Write queue length average per memory cycle per channel.
  ramulator.write_req_queue_length_sum_0           396435116                                      # Write queue length sum per memory cycle per channel.
              ramulator.record_read_hits                 0.0                                      # record read hit count for this core when it reaches request limit or to the end
                                     [0]                 0.0                                      # 
            ramulator.record_read_misses                 0.0                                      # record_read_miss count for this core when it reaches request limit or to the end
                                     [0]                 0.0                                      # 
         ramulator.record_read_conflicts                 0.0                                      # record read conflict count for this core when it reaches request limit or to the end
                                     [0]                 0.0                                      # 
             ramulator.record_write_hits                 0.0                                      # record write hit count for this core when it reaches request limit or to the end
                                     [0]                 0.0                                      # 
           ramulator.record_write_misses                 0.0                                      # record write miss count for this core when it reaches request limit or to the end
                                     [0]                 0.0                                      # 
        ramulator.record_write_conflicts                 0.0                                      # record write conflict for this core when it reaches request limit or to the end
                                     [0]                 0.0                                      # 
                 ramulator.dram_capacity          8589934592                                      # Number of bytes in simulated DRAM
                   ramulator.dram_cycles            27897024                                      # Number of DRAM cycles simulated
             ramulator.incoming_requests              512608                                      # Number of incoming requests to DRAM
                 ramulator.read_requests              475606                                      # Number of incoming read requests to DRAM per core
                                     [0]            475606.0                                      # 
                ramulator.write_requests               37002                                      # Number of incoming write requests to DRAM per core
                                     [0]             37002.0                                      # 
       ramulator.ramulator_active_cycles            10505310                                      # The total number of cycles that the DRAM part is active (serving R/W)
 ramulator.incoming_requests_per_channel            512608.0                                      # Number of incoming requests to each DRAM channel
                                     [0]            512608.0                                      # 
ramulator.incoming_read_reqs_per_channel            475606.0                                      # Number of incoming read requests to each DRAM channel
                                     [0]            475606.0                                      # 
     ramulator.physical_page_replacement                   0                                      # The number of times that physical page replacement happens.
             ramulator.maximum_bandwidth         19200000000                                      # The theoretical maximum bandwidth (Bps)
          ramulator.in_queue_req_num_sum           409569462                                      # Sum of read/write queue length
     ramulator.in_queue_read_req_num_sum            13134346                                      # Sum of read queue length
    ramulator.in_queue_write_req_num_sum           396435116                                      # Sum of write queue length
          ramulator.in_queue_req_num_avg           14.681475                                      # Average of read/write queue length per memory cycle
     ramulator.in_queue_read_req_num_avg            0.470815                                      # Average of read queue length per memory cycle
    ramulator.in_queue_write_req_num_avg           14.210660                                      # Average of write queue length per memory cycle
          ramulator.record_read_requests                 0.0                                      # record read requests for this core when it reaches request limit or to the end
                                     [0]                 0.0                                      # 
         ramulator.record_write_requests                 0.0                                      # record write requests for this core when it reaches request limit or to the end
                                     [0]                 0.0                                      # 
