/* -*- Mode: c -*- */
####################################################################################################
Core 0
####################################################################################################
Cumulative:        Cycles: 308335300             Instructions: 100000003             IPC: 0.32432

Periodic:          Cycles: 308335300             Instructions: 100000003             IPC: 0.32432

ST_OP_INV                                            0        0.000%                0        0.000%
ST_OP_NOP                                      2730265        1.806%          2730265        1.806%
ST_OP_CF                                      28795263       19.047%         28795263       19.047%
ST_OP_MOV                                     13558138        8.968%         13558138        8.968%
ST_OP_CMOV                                           0        0.000%                0        0.000%
ST_OP_LDA                                     10231886        6.768%         10231886        6.768%
ST_OP_ILD                                     35238297       23.309%         35238297       23.309%
ST_OP_IST                                      8130048        5.378%          8130048        5.378%
ST_OP_IADD                                    17693652       11.704%         17693652       11.704%
ST_OP_IMUL                                           0        0.000%                0        0.000%
ST_OP_IDIV                                     3683717        2.437%          3683717        2.437%
ST_OP_ICMP                                    12789267        8.460%         12789267        8.460%
ST_OP_LOGIC                                   18326475       12.123%         18326475       12.123%
ST_OP_SHIFT                                          0        0.000%                0        0.000%
ST_OP_FLD                                            0        0.000%                0        0.000%
ST_OP_FST                                            0        0.000%                0        0.000%
ST_OP_FCVT                                           0        0.000%                0        0.000%
ST_OP_FADD                                           0        0.000%                0        0.000%
ST_OP_FMUL                                           0        0.000%                0        0.000%
ST_OP_FMA                                            0        0.000%                0        0.000%
ST_OP_FDIV                                           0        0.000%                0        0.000%
ST_OP_FCMP                                           0        0.000%                0        0.000%
ST_OP_FCMOV                                          0        0.000%                0        0.000%
ST_OP_GATHER                                         0        0.000%                0        0.000%
ST_OP_SCATTER                                        0        0.000%                0        0.000%
ST_OP_PIPELINED_FAST                                 0        0.000%                0        0.000%
ST_OP_PIPELINED_MEDIUM                               0        0.000%                0        0.000%
ST_OP_PIPELINED_SLOW                                 0        0.000%                0        0.000%
ST_OP_NOTPIPELINED_MEDIUM                            0        0.000%                0        0.000%
ST_OP_NOTPIPELINED_SLOW                              0        0.000%                0        0.000%
ST_OP_NOTPIPELINED_VERY_SLOW                         0        0.000%                0        0.000%
                                             151177008      100.000%        151177008      100.000%
                                                  6.35         3.41              6.35         3.41

ST_NOT_CF                                    122381745       80.953%        122381745       80.953%
ST_CF_BR                                        681156        0.451%           681156        0.451%
ST_CF_CBR                                     26069662       17.244%         26069662       17.244%
ST_CF_CALL                                      682086        0.451%           682086        0.451%
ST_CF_IBR                                       681175        0.451%           681175        0.451%
ST_CF_ICALL                                          0        0.000%                0        0.000%
ST_CF_ICO                                            0        0.000%                0        0.000%
ST_CF_RET                                       681184        0.451%           681184        0.451%
ST_CF_SYS                                            0        0.000%                0        0.000%
                                             151177008      100.000%        151177008      100.000%
                                                  0.41         0.85              0.41         0.85

ST_BAR_NONE                                  151177008      100.000%        151177008      100.000%
ST_BAR_FETCH                                         0        0.000%                0        0.000%
ST_BAR_ISSUE                                         0        0.000%                0        0.000%
ST_BAR_BOTH                                          0        0.000%                0        0.000%
                                             151177008      100.000%        151177008      100.000%
                                                  0.00         0.00              0.00         0.00

ST_NOT_MEM                                   107808663       71.313%        107808663       71.313%
ST_MEM_LD                                     35238297       23.309%         35238297       23.309%
ST_MEM_ST                                      8130048        5.378%          8130048        5.378%
ST_MEM_PF                                            0        0.000%                0        0.000%
ST_MEM_WH                                            0        0.000%                0        0.000%
ST_MEM_EVICT                                         0        0.000%                0        0.000%
                                             151177008      100.000%        151177008      100.000%
                                                  0.34         0.50              0.34         0.50

ST_NOT_MEM_OFFPATH                           144835504       76.803%        144835504       76.803%
ST_MEM_LD_OFFPATH                             41994985       22.269%         41994985       22.269%
ST_MEM_ST_OFFPATH                              1751078        0.929%          1751078        0.929%
ST_MEM_PF_OFFPATH                                    0        0.000%                0        0.000%
ST_MEM_WH_OFFPATH                                    0        0.000%                0        0.000%
ST_MEM_EVIC_OFFPATHT                                 0        0.000%                0        0.000%
                                             188581567      100.000%        188581567      100.000%
                                                  0.24         0.40              0.24         0.40

ST_OP_ONPATH                                 151177008                      151177008              

ST_OP_OFFPATH                                188581567                      188581567              

ST_FAKE_OP_OFFPATH                                5426        0.003%             5426        0.003%
ST_NOT_FAKE_OP_OFFPATH                       188576141       99.997%        188576141       99.997%
                                             188581567      100.000%        188581567      100.000%
                                                  1.00         1.00              1.00         1.00

ST_FAKE_REASON_NOT_FAKE                      188576141       99.997%        188576141       99.997%
ST_FAKE_REASON_REDIRECT_TO_NOT_INSTRUMENTED          5426        0.003%             5426        0.003%
ST_FAKE_REASON_RETURN_TO_NOT_INSTRUMENTED             0        0.000%                0        0.000%
ST_FAKE_REASON_NONRET_CF_TO_NOT_INSTRUMENTED             0        0.000%                0        0.000%
ST_FAKE_REASON_NOT_TAKEN_TO_NOT_INSTRUMENTED             0        0.000%                0        0.000%
ST_FAKE_REASON_WRONG_PATH_STORE_TO_NEW_REGION             0        0.000%                0        0.000%
                                             188581567      100.000%        188581567      100.000%
                                                  0.00         0.01              0.00         0.01

ST_INST_ONPATH                               145045280                      145045280              

ST_INST_OFFPATH                              186733272                      186733272              

STATIC_PIN_NOP                                       0                              0              

DYNAMIC_PIN_REP_GREATER_256                          0                              0              

INST_MAP_UPDATE_JITTED                         3876324       21.482%          3876324       21.482%
INST_MAP_UPDATE_NPC_INV                              0        0.000%                0        0.000%
INST_MAP_UPDATE_NPC_NOP                              0        0.000%                0        0.000%
INST_MAP_UPDATE_NPC_CF                               0        0.000%                0        0.000%
INST_MAP_UPDATE_NPC_MOV                              0        0.000%                0        0.000%
INST_MAP_UPDATE_NPC_CMOV                             0        0.000%                0        0.000%
INST_MAP_UPDATE_NPC_LDA                              0        0.000%                0        0.000%
INST_MAP_UPDATE_NPC_IMEM                             0        0.000%                0        0.000%
INST_MAP_UPDATE_NPC_IADD                             0        0.000%                0        0.000%
INST_MAP_UPDATE_NPC_IMUL                             0        0.000%                0        0.000%
INST_MAP_UPDATE_NPC_IDIV                             0        0.000%                0        0.000%
INST_MAP_UPDATE_NPC_ICMP                             0        0.000%                0        0.000%
INST_MAP_UPDATE_NPC_LOGIC                            0        0.000%                0        0.000%
INST_MAP_UPDATE_NPC_SHIFT                            0        0.000%                0        0.000%
INST_MAP_UPDATE_NPC_FMEM                             0        0.000%                0        0.000%
INST_MAP_UPDATE_NPC_FCVT                             0        0.000%                0        0.000%
INST_MAP_UPDATE_NPC_FADD                             0        0.000%                0        0.000%
INST_MAP_UPDATE_NPC_FMUL                             0        0.000%                0        0.000%
INST_MAP_UPDATE_NPC_FMA                              0        0.000%                0        0.000%
INST_MAP_UPDATE_NPC_FDIV                             0        0.000%                0        0.000%
INST_MAP_UPDATE_NPC_FCMP                             0        0.000%                0        0.000%
INST_MAP_UPDATE_NPC_FCMOV                            0        0.000%                0        0.000%
INST_MAP_UPDATE_NPC_GATHER                           0        0.000%                0        0.000%
INST_MAP_UPDATE_NPC_SCATTER                          0        0.000%                0        0.000%
INST_MAP_UPDATE_NPC_PIPELINED_FAST                   0        0.000%                0        0.000%
INST_MAP_UPDATE_NPC_PIPELINED_MEDIUM                 0        0.000%                0        0.000%
INST_MAP_UPDATE_NPC_PIPELINED_SLOW                   0        0.000%                0        0.000%
INST_MAP_UPDATE_NPC_NOTPIPELINED_MEDIUM              0        0.000%                0        0.000%
INST_MAP_UPDATE_NPC_NOTPIPELINED_SLOW                0        0.000%                0        0.000%
INST_MAP_UPDATE_NPC_NOTPIPELINED_VERY_SLOW             0        0.000%                0        0.000%
INST_MAP_UPDATE_MEM_INV                              0        0.000%                0        0.000%
INST_MAP_UPDATE_MEM_NOP                              0        0.000%                0        0.000%
INST_MAP_UPDATE_MEM_CF                               0        0.000%                0        0.000%
INST_MAP_UPDATE_MEM_MOV                       13582946       75.275%         13582946       75.275%
INST_MAP_UPDATE_MEM_CMOV                             0        0.000%                0        0.000%
INST_MAP_UPDATE_MEM_LDA                              0        0.000%                0        0.000%
INST_MAP_UPDATE_MEM_IMEM                             0        0.000%                0        0.000%
INST_MAP_UPDATE_MEM_IADD                             0        0.000%                0        0.000%
INST_MAP_UPDATE_MEM_IMUL                        585176        3.243%           585176        3.243%
INST_MAP_UPDATE_MEM_IDIV                             0        0.000%                0        0.000%
INST_MAP_UPDATE_MEM_ICMP                             0        0.000%                0        0.000%
INST_MAP_UPDATE_MEM_LOGIC                            0        0.000%                0        0.000%
INST_MAP_UPDATE_MEM_SHIFT                            0        0.000%                0        0.000%
INST_MAP_UPDATE_MEM_FMEM                             0        0.000%                0        0.000%
INST_MAP_UPDATE_MEM_FCVT                             0        0.000%                0        0.000%
INST_MAP_UPDATE_MEM_FADD                             0        0.000%                0        0.000%
INST_MAP_UPDATE_MEM_FMUL                             0        0.000%                0        0.000%
INST_MAP_UPDATE_MEM_FMA                              0        0.000%                0        0.000%
INST_MAP_UPDATE_MEM_FDIV                             0        0.000%                0        0.000%
INST_MAP_UPDATE_MEM_FCMP                             0        0.000%                0        0.000%
INST_MAP_UPDATE_MEM_FCMOV                            0        0.000%                0        0.000%
INST_MAP_UPDATE_MEM_GATHER                           0        0.000%                0        0.000%
INST_MAP_UPDATE_MEM_SCATTER                          0        0.000%                0        0.000%
INST_MAP_UPDATE_MEM_PIPELINED_FAST                   0        0.000%                0        0.000%
INST_MAP_UPDATE_MEM_PIPELINED_MEDIUM                 0        0.000%                0        0.000%
INST_MAP_UPDATE_MEM_PIPELINED_SLOW                   0        0.000%                0        0.000%
INST_MAP_UPDATE_MEM_NOTPIPELINED_MEDIUM              0        0.000%                0        0.000%
INST_MAP_UPDATE_MEM_NOTPIPELINED_SLOW                0        0.000%                0        0.000%
INST_MAP_UPDATE_MEM_NOTPIPELINED_VERY_SLOW             0        0.000%                0        0.000%
                                              18044446      100.000%         18044446      100.000%
                                                 26.07         6.38             26.07         6.38



