               ramulator.active_cycles_0           110907554                                      # Total active cycles for level _0
                 ramulator.busy_cycles_0           110907554                                      # (All-bank refresh only. busy cycles only include refresh time in rank level) The sum of cycles that the DRAM part is active or under refresh for level _0
            ramulator.serving_requests_0           474624324                                      # The sum of read and write requests that are served in this DRAM element per memory cycle for level _0
    ramulator.average_serving_requests_0            4.104831                                      # The average of read and write requests that are served in this DRAM element per memory cycle for level _0
             ramulator.active_cycles_0_0           110907554                                      # Total active cycles for level _0_0
               ramulator.busy_cycles_0_0           111503114                                      # (All-bank refresh only. busy cycles only include refresh time in rank level) The sum of cycles that the DRAM part is active or under refresh for level _0_0
          ramulator.serving_requests_0_0           474624324                                      # The sum of read and write requests that are served in this DRAM element per memory cycle for level _0_0
  ramulator.average_serving_requests_0_0            4.104831                                      # The average of read and write requests that are served in this DRAM element per memory cycle for level _0_0
           ramulator.active_cycles_0_0_0            71796108                                      # Total active cycles for level _0_0_0
             ramulator.busy_cycles_0_0_0            71796108                                      # (All-bank refresh only. busy cycles only include refresh time in rank level) The sum of cycles that the DRAM part is active or under refresh for level _0_0_0
        ramulator.serving_requests_0_0_0           120748972                                      # The sum of read and write requests that are served in this DRAM element per memory cycle for level _0_0_0
ramulator.average_serving_requests_0_0_0            1.044308                                      # The average of read and write requests that are served in this DRAM element per memory cycle for level _0_0_0
         ramulator.active_cycles_0_0_0_0            26873079                                      # Total active cycles for level _0_0_0_0
           ramulator.busy_cycles_0_0_0_0            26873079                                      # (All-bank refresh only. busy cycles only include refresh time in rank level) The sum of cycles that the DRAM part is active or under refresh for level _0_0_0_0
      ramulator.serving_requests_0_0_0_0            28190211                                      # The sum of read and write requests that are served in this DRAM element per memory cycle for level _0_0_0_0
ramulator.average_serving_requests_0_0_0_0            0.243806                                      # The average of read and write requests that are served in this DRAM element per memory cycle for level _0_0_0_0
         ramulator.active_cycles_0_0_0_1            30069022                                      # Total active cycles for level _0_0_0_1
           ramulator.busy_cycles_0_0_0_1            30069022                                      # (All-bank refresh only. busy cycles only include refresh time in rank level) The sum of cycles that the DRAM part is active or under refresh for level _0_0_0_1
      ramulator.serving_requests_0_0_0_1            31783151                                      # The sum of read and write requests that are served in this DRAM element per memory cycle for level _0_0_0_1
ramulator.average_serving_requests_0_0_0_1            0.274879                                      # The average of read and write requests that are served in this DRAM element per memory cycle for level _0_0_0_1
         ramulator.active_cycles_0_0_0_2            28897478                                      # Total active cycles for level _0_0_0_2
           ramulator.busy_cycles_0_0_0_2            28897478                                      # (All-bank refresh only. busy cycles only include refresh time in rank level) The sum of cycles that the DRAM part is active or under refresh for level _0_0_0_2
      ramulator.serving_requests_0_0_0_2            30449361                                      # The sum of read and write requests that are served in this DRAM element per memory cycle for level _0_0_0_2
ramulator.average_serving_requests_0_0_0_2            0.263344                                      # The average of read and write requests that are served in this DRAM element per memory cycle for level _0_0_0_2
         ramulator.active_cycles_0_0_0_3            28809071                                      # Total active cycles for level _0_0_0_3
           ramulator.busy_cycles_0_0_0_3            28809071                                      # (All-bank refresh only. busy cycles only include refresh time in rank level) The sum of cycles that the DRAM part is active or under refresh for level _0_0_0_3
      ramulator.serving_requests_0_0_0_3            30325845                                      # The sum of read and write requests that are served in this DRAM element per memory cycle for level _0_0_0_3
ramulator.average_serving_requests_0_0_0_3            0.262276                                      # The average of read and write requests that are served in this DRAM element per memory cycle for level _0_0_0_3
           ramulator.active_cycles_0_0_1            71447543                                      # Total active cycles for level _0_0_1
             ramulator.busy_cycles_0_0_1            71447543                                      # (All-bank refresh only. busy cycles only include refresh time in rank level) The sum of cycles that the DRAM part is active or under refresh for level _0_0_1
        ramulator.serving_requests_0_0_1           119730380                                      # The sum of read and write requests that are served in this DRAM element per memory cycle for level _0_0_1
ramulator.average_serving_requests_0_0_1            1.035499                                      # The average of read and write requests that are served in this DRAM element per memory cycle for level _0_0_1
         ramulator.active_cycles_0_0_1_0            29598740                                      # Total active cycles for level _0_0_1_0
           ramulator.busy_cycles_0_0_1_0            29598740                                      # (All-bank refresh only. busy cycles only include refresh time in rank level) The sum of cycles that the DRAM part is active or under refresh for level _0_0_1_0
      ramulator.serving_requests_0_0_1_0            31228997                                      # The sum of read and write requests that are served in this DRAM element per memory cycle for level _0_0_1_0
ramulator.average_serving_requests_0_0_1_0            0.270087                                      # The average of read and write requests that are served in this DRAM element per memory cycle for level _0_0_1_0
         ramulator.active_cycles_0_0_1_1            28529710                                      # Total active cycles for level _0_0_1_1
           ramulator.busy_cycles_0_0_1_1            28529710                                      # (All-bank refresh only. busy cycles only include refresh time in rank level) The sum of cycles that the DRAM part is active or under refresh for level _0_0_1_1
      ramulator.serving_requests_0_0_1_1            29986424                                      # The sum of read and write requests that are served in this DRAM element per memory cycle for level _0_0_1_1
ramulator.average_serving_requests_0_0_1_1            0.259340                                      # The average of read and write requests that are served in this DRAM element per memory cycle for level _0_0_1_1
         ramulator.active_cycles_0_0_1_2            27662366                                      # Total active cycles for level _0_0_1_2
           ramulator.busy_cycles_0_0_1_2            27662366                                      # (All-bank refresh only. busy cycles only include refresh time in rank level) The sum of cycles that the DRAM part is active or under refresh for level _0_0_1_2
      ramulator.serving_requests_0_0_1_2            29064586                                      # The sum of read and write requests that are served in this DRAM element per memory cycle for level _0_0_1_2
ramulator.average_serving_requests_0_0_1_2            0.251368                                      # The average of read and write requests that are served in this DRAM element per memory cycle for level _0_0_1_2
         ramulator.active_cycles_0_0_1_3            28025705                                      # Total active cycles for level _0_0_1_3
           ramulator.busy_cycles_0_0_1_3            28025705                                      # (All-bank refresh only. busy cycles only include refresh time in rank level) The sum of cycles that the DRAM part is active or under refresh for level _0_0_1_3
      ramulator.serving_requests_0_0_1_3            29450373                                      # The sum of read and write requests that are served in this DRAM element per memory cycle for level _0_0_1_3
ramulator.average_serving_requests_0_0_1_3            0.254704                                      # The average of read and write requests that are served in this DRAM element per memory cycle for level _0_0_1_3
           ramulator.active_cycles_0_0_2            70662331                                      # Total active cycles for level _0_0_2
             ramulator.busy_cycles_0_0_2            70662331                                      # (All-bank refresh only. busy cycles only include refresh time in rank level) The sum of cycles that the DRAM part is active or under refresh for level _0_0_2
        ramulator.serving_requests_0_0_2           117793992                                      # The sum of read and write requests that are served in this DRAM element per memory cycle for level _0_0_2
ramulator.average_serving_requests_0_0_2            1.018752                                      # The average of read and write requests that are served in this DRAM element per memory cycle for level _0_0_2
         ramulator.active_cycles_0_0_2_0            28447387                                      # Total active cycles for level _0_0_2_0
           ramulator.busy_cycles_0_0_2_0            28447387                                      # (All-bank refresh only. busy cycles only include refresh time in rank level) The sum of cycles that the DRAM part is active or under refresh for level _0_0_2_0
      ramulator.serving_requests_0_0_2_0            29912592                                      # The sum of read and write requests that are served in this DRAM element per memory cycle for level _0_0_2_0
ramulator.average_serving_requests_0_0_2_0            0.258702                                      # The average of read and write requests that are served in this DRAM element per memory cycle for level _0_0_2_0
         ramulator.active_cycles_0_0_2_1            26153703                                      # Total active cycles for level _0_0_2_1
           ramulator.busy_cycles_0_0_2_1            26153703                                      # (All-bank refresh only. busy cycles only include refresh time in rank level) The sum of cycles that the DRAM part is active or under refresh for level _0_0_2_1
      ramulator.serving_requests_0_0_2_1            27359504                                      # The sum of read and write requests that are served in this DRAM element per memory cycle for level _0_0_2_1
ramulator.average_serving_requests_0_0_2_1            0.236621                                      # The average of read and write requests that are served in this DRAM element per memory cycle for level _0_0_2_1
         ramulator.active_cycles_0_0_2_2            29494264                                      # Total active cycles for level _0_0_2_2
           ramulator.busy_cycles_0_0_2_2            29494264                                      # (All-bank refresh only. busy cycles only include refresh time in rank level) The sum of cycles that the DRAM part is active or under refresh for level _0_0_2_2
      ramulator.serving_requests_0_0_2_2            31076192                                      # The sum of read and write requests that are served in this DRAM element per memory cycle for level _0_0_2_2
ramulator.average_serving_requests_0_0_2_2            0.268765                                      # The average of read and write requests that are served in this DRAM element per memory cycle for level _0_0_2_2
         ramulator.active_cycles_0_0_2_3            28055996                                      # Total active cycles for level _0_0_2_3
           ramulator.busy_cycles_0_0_2_3            28055996                                      # (All-bank refresh only. busy cycles only include refresh time in rank level) The sum of cycles that the DRAM part is active or under refresh for level _0_0_2_3
      ramulator.serving_requests_0_0_2_3            29445704                                      # The sum of read and write requests that are served in this DRAM element per memory cycle for level _0_0_2_3
ramulator.average_serving_requests_0_0_2_3            0.254664                                      # The average of read and write requests that are served in this DRAM element per memory cycle for level _0_0_2_3
           ramulator.active_cycles_0_0_3            70323448                                      # Total active cycles for level _0_0_3
             ramulator.busy_cycles_0_0_3            70323448                                      # (All-bank refresh only. busy cycles only include refresh time in rank level) The sum of cycles that the DRAM part is active or under refresh for level _0_0_3
        ramulator.serving_requests_0_0_3           116350964                                      # The sum of read and write requests that are served in this DRAM element per memory cycle for level _0_0_3
ramulator.average_serving_requests_0_0_3            1.006272                                      # The average of read and write requests that are served in this DRAM element per memory cycle for level _0_0_3
         ramulator.active_cycles_0_0_3_0            26711014                                      # Total active cycles for level _0_0_3_0
           ramulator.busy_cycles_0_0_3_0            26711014                                      # (All-bank refresh only. busy cycles only include refresh time in rank level) The sum of cycles that the DRAM part is active or under refresh for level _0_0_3_0
      ramulator.serving_requests_0_0_3_0            28034322                                      # The sum of read and write requests that are served in this DRAM element per memory cycle for level _0_0_3_0
ramulator.average_serving_requests_0_0_3_0            0.242457                                      # The average of read and write requests that are served in this DRAM element per memory cycle for level _0_0_3_0
         ramulator.active_cycles_0_0_3_1            28568641                                      # Total active cycles for level _0_0_3_1
           ramulator.busy_cycles_0_0_3_1            28568641                                      # (All-bank refresh only. busy cycles only include refresh time in rank level) The sum of cycles that the DRAM part is active or under refresh for level _0_0_3_1
      ramulator.serving_requests_0_0_3_1            30077862                                      # The sum of read and write requests that are served in this DRAM element per memory cycle for level _0_0_3_1
ramulator.average_serving_requests_0_0_3_1            0.260131                                      # The average of read and write requests that are served in this DRAM element per memory cycle for level _0_0_3_1
         ramulator.active_cycles_0_0_3_2            26903751                                      # Total active cycles for level _0_0_3_2
           ramulator.busy_cycles_0_0_3_2            26903751                                      # (All-bank refresh only. busy cycles only include refresh time in rank level) The sum of cycles that the DRAM part is active or under refresh for level _0_0_3_2
      ramulator.serving_requests_0_0_3_2            28210264                                      # The sum of read and write requests that are served in this DRAM element per memory cycle for level _0_0_3_2
ramulator.average_serving_requests_0_0_3_2            0.243979                                      # The average of read and write requests that are served in this DRAM element per memory cycle for level _0_0_3_2
         ramulator.active_cycles_0_0_3_3            28552361                                      # Total active cycles for level _0_0_3_3
           ramulator.busy_cycles_0_0_3_3            28552361                                      # (All-bank refresh only. busy cycles only include refresh time in rank level) The sum of cycles that the DRAM part is active or under refresh for level _0_0_3_3
      ramulator.serving_requests_0_0_3_3            30028516                                      # The sum of read and write requests that are served in this DRAM element per memory cycle for level _0_0_3_3
ramulator.average_serving_requests_0_0_3_3            0.259704                                      # The average of read and write requests that are served in this DRAM element per memory cycle for level _0_0_3_3
      ramulator.read_transaction_bytes_0           340661184                                      # The total byte of read transaction per channel
     ramulator.write_transaction_bytes_0            39894528                                      # The total byte of write transaction per channel
       ramulator.row_hits_channel_0_core              104246                                      # Number of row hits per channel per core
     ramulator.row_misses_channel_0_core              227534                                      # Number of row misses per channel per core
  ramulator.row_conflicts_channel_0_core             5614403                                      # Number of row conflicts per channel per core
  ramulator.read_row_hits_channel_0_core               99152                                      # Number of row hits for read requests per channel per core
                                     [0]             99152.0                                      # 
ramulator.read_row_misses_channel_0_core              198147                                      # Number of row misses for read requests per channel per core
                                     [0]            198147.0                                      # 
ramulator.read_row_conflicts_channel_0_core             5025532                                      # Number of row conflicts for read requests per channel per core
                                     [0]           5025532.0                                      # 
 ramulator.write_row_hits_channel_0_core                5094                                      # Number of row hits for write requests per channel per core
                                     [0]              5094.0                                      # 
ramulator.write_row_misses_channel_0_core               29387                                      # Number of row misses for write requests per channel per core
                                     [0]             29387.0                                      # 
ramulator.write_row_conflicts_channel_0_core              588871                                      # Number of row conflicts for write requests per channel per core
                                     [0]            588871.0                                      # 
      ramulator.useless_activates_0_core                 365                                      # Number of useless activations. E.g, ACT -> PRE w/o RD or WR
            ramulator.read_latency_avg_0           84.676813                                      # The average memory latency cycles (in memory time domain) per request for all read requests in this channel
            ramulator.read_latency_sum_0           450728069                                      # The memory latency cycles (in memory time domain) sum for all read requests in this channel
        ramulator.req_queue_length_avg_0           18.043116                                      # Average of read and write queue length per memory cycle per channel.
        ramulator.req_queue_length_sum_0          2086249433                                      # Sum of read and write queue length per memory cycle per channel.
   ramulator.read_req_queue_length_avg_0            3.171612                                      # Read queue length average per memory cycle per channel.
   ramulator.read_req_queue_length_sum_0           366720173                                      # Read queue length sum per memory cycle per channel.
  ramulator.write_req_queue_length_avg_0           14.871504                                      # Write queue length average per memory cycle per channel.
  ramulator.write_req_queue_length_sum_0          1719529260                                      # Write queue length sum per memory cycle per channel.
              ramulator.record_read_hits                 0.0                                      # record read hit count for this core when it reaches request limit or to the end
                                     [0]                 0.0                                      # 
            ramulator.record_read_misses                 0.0                                      # record_read_miss count for this core when it reaches request limit or to the end
                                     [0]                 0.0                                      # 
         ramulator.record_read_conflicts                 0.0                                      # record read conflict count for this core when it reaches request limit or to the end
                                     [0]                 0.0                                      # 
             ramulator.record_write_hits                 0.0                                      # record write hit count for this core when it reaches request limit or to the end
                                     [0]                 0.0                                      # 
           ramulator.record_write_misses                 0.0                                      # record write miss count for this core when it reaches request limit or to the end
                                     [0]                 0.0                                      # 
        ramulator.record_write_conflicts                 0.0                                      # record write conflict for this core when it reaches request limit or to the end
                                     [0]                 0.0                                      # 
                 ramulator.dram_capacity          8589934592                                      # Number of bytes in simulated DRAM
                   ramulator.dram_cycles           115625783                                      # Number of DRAM cycles simulated
             ramulator.incoming_requests             5946297                                      # Number of incoming requests to DRAM
                 ramulator.read_requests             5322922                                      # Number of incoming read requests to DRAM per core
                                     [0]           5322922.0                                      # 
                ramulator.write_requests              623375                                      # Number of incoming write requests to DRAM per core
                                     [0]            623375.0                                      # 
       ramulator.ramulator_active_cycles           110907558                                      # The total number of cycles that the DRAM part is active (serving R/W)
 ramulator.incoming_requests_per_channel           5946297.0                                      # Number of incoming requests to each DRAM channel
                                     [0]           5946297.0                                      # 
ramulator.incoming_read_reqs_per_channel           5322922.0                                      # Number of incoming read requests to each DRAM channel
                                     [0]           5322922.0                                      # 
     ramulator.physical_page_replacement                   0                                      # The number of times that physical page replacement happens.
             ramulator.maximum_bandwidth         19200000000                                      # The theoretical maximum bandwidth (Bps)
          ramulator.in_queue_req_num_sum          2086249433                                      # Sum of read/write queue length
     ramulator.in_queue_read_req_num_sum           366720173                                      # Sum of read queue length
    ramulator.in_queue_write_req_num_sum          1719529260                                      # Sum of write queue length
          ramulator.in_queue_req_num_avg           18.043116                                      # Average of read/write queue length per memory cycle
     ramulator.in_queue_read_req_num_avg            3.171612                                      # Average of read queue length per memory cycle
    ramulator.in_queue_write_req_num_avg           14.871504                                      # Average of write queue length per memory cycle
          ramulator.record_read_requests                 0.0                                      # record read requests for this core when it reaches request limit or to the end
                                     [0]                 0.0                                      # 
         ramulator.record_write_requests                 0.0                                      # record write requests for this core when it reaches request limit or to the end
                                     [0]                 0.0                                      # 
