/* -*- Mode: c -*- */
####################################################################################################
Core 0
####################################################################################################
Cumulative:        Cycles: 32107906              Instructions: 100000000             IPC: 3.11450

Periodic:          Cycles: 32107906              Instructions: 100000000             IPC: 3.11450

EXECUTION_TIME                           10033720625000                  10033720625000              

NODE_CYCLE                                    32107906                       32107906              

NODE_INST_COUNT                              100000000                      100000000              

NODE_INST_COUNT_FETCHED                      100000000                      100000000              

NODE_UOP_COUNT                               128036328                      128036328              

FULL_WINDOW_STALL                                27301        0.085%            27301        0.085%

FULL_WINDOW_ROB_MEM_OP                           25901       94.872%            25901       94.872%
FULL_WINDOW_ROB_FP_OP                                0        0.000%                0        0.000%
FULL_WINDOW_ROB_OTHER_OP                             5        0.018%                5        0.018%
FULL_WINDOW_LQ_FULL                                  0        0.000%                0        0.000%
FULL_WINDOW_SQ_FULL                                252        0.923%              252        0.923%
FULL_WINDOW_WAITING_ON_RET                        1143        4.187%             1143        4.187%
                                                 27301      100.000%            27301      100.000%
                                                  0.25         1.04              0.25         1.04

FULL_WINDOW_MEM_OP                                   0         -nan%                0         -nan%
FULL_WINDOW_FP_OP                                    0         -nan%                0         -nan%
FULL_WINDOW_OTHER_OP                                 0         -nan%                0         -nan%
                                                     0         -nan%                0         -nan%
                                                  -nan         -nan              -nan         -nan

RET_BLOCKED_DC_MISS                              46716        0.145%            46716        0.145%

RET_BLOCKED_L1_MISS                              31839        0.099%            31839        0.099%

RET_BLOCKED_L1_MISS_BW_PREF                        816        0.003%              816        0.003%

RET_BLOCKED_L1_ACCESS                            14914        0.046%            14914        0.046%

RET_BLOCKED_MEM_STALL                            31839        0.099%            31839        0.099%

RET_BLOCKED_OFFCHIP_DEMAND                           0        0.000%                0        0.000%

OP_ISSUED                                    137667493                      137667493              

OP_RETIRED                                   128036328                      128036328              

REPLAY_SIGNALED                                      0                              0              

REPLAY_COUNTED                                       0                              0              

OFF_CRITICAL_PATH                                    0         -nan%                0         -nan%
ON_CRITICAL_PATH                                     0         -nan%                0         -nan%
                                                     0         -nan%                0         -nan%
                                                  -nan         -nan              -nan         -nan

LD_NO_DEPENDENTS                               1473776        4.961%          1473776        4.961%
LD_DEPENDENTS                                 28233491       95.039%         28233491       95.039%
                                              29707267      100.000%         29707267      100.000%
                                                  0.95         0.93              0.95         0.93

LD_EXEC_CYCLES_0                                     0         -nan%                0         -nan%
LD_EXEC_CYCLES_1                                     0         -nan%                0         -nan%
LD_EXEC_CYCLES_2                                     0         -nan%                0         -nan%
LD_EXEC_CYCLES_3                                     0         -nan%                0         -nan%
LD_EXEC_CYCLES_4                                     0         -nan%                0         -nan%
                                                     0         -nan%                0         -nan%
                                                  -nan         -nan              -nan         -nan

ICACHE_STAGE_STARVED                              9082        0.032%             9082        0.032%
ICACHE_STAGE_NOT_STARVED                      27950115       99.968%         27950115       99.968%
                                              27959197      100.000%         27959197      100.000%
                                                  1.00         1.00              1.00         1.00

ICACHE_STAGE_STALLED                             12053        0.038%            12053        0.038%
ICACHE_STAGE_NOT_STALLED                      27954666       87.065%         27954666       87.065%
ICACHE_STAGE_OFF_PATH                          4141187       12.898%          4141187       12.898%
                                              32107906      100.000%         32107906      100.000%
                                                  1.13         0.53              1.13         0.53

DECODE_STAGE_STARVED                          26544148       90.033%         26544148       90.033%
DECODE_STAGE_NOT_STARVED                       2938386        9.967%          2938386        9.967%
                                              29482534      100.000%         29482534      100.000%
                                                  0.10         0.29              0.10         0.29

DECODE_STAGE_STALLED                              6648        0.021%             6648        0.021%
DECODE_STAGE_NOT_STALLED                      29475886       91.803%         29475886       91.803%
DECODE_STAGE_OFF_PATH                          2625372        8.177%          2625372        8.177%
                                              32107906      100.000%         32107906      100.000%
                                                  1.08         0.41              1.08         0.41

UOPQ_STAGE_STARVED                             4781140       16.692%          4781140       16.692%
UOPQ_STAGE_NOT_STARVED                        23862621       83.308%         23862621       83.308%
                                              28643761      100.000%         28643761      100.000%
                                                  0.83         0.78              0.83         0.78

UOPQ_STAGE_STALLED                               10806        0.034%            10806        0.034%
UOPQ_STAGE_NOT_STALLED                        28643761       89.211%         28643761       89.211%
UOPQ_STAGE_OFF_PATH                            3453339       10.755%          3453339       10.755%
                                              32107906      100.000%         32107906      100.000%
                                                  1.11         0.48              1.11         0.48

MAP_STAGE_STARVED                              1123217        3.830%          1123217        3.830%
MAP_STAGE_NOT_STARVED                         28204036       96.170%         28204036       96.170%
                                              29327253      100.000%         29327253      100.000%
                                                  0.96         0.94              0.96         0.94

MAP_STAGE_STALLED                                17732        0.055%            17732        0.055%
MAP_STAGE_NOT_STALLED                         29309521       91.284%         29309521       91.284%
MAP_STAGE_OFF_PATH                             2780653        8.660%          2780653        8.660%
                                              32107906      100.000%         32107906      100.000%
                                                  1.09         0.43              1.09         0.43

EXEC_STAGE_STARVED                            27073328       84.320%         27073328       84.320%
EXEC_STAGE_NOT_STARVED                         3228268       10.054%          3228268       10.054%
EXEC_STAGE_OFF_PATH                            1806310        5.626%          1806310        5.626%
                                              32107906      100.000%         32107906      100.000%
                                                  0.21         0.49              0.21         0.49

FU_BUSY_0                                     30285187                       30285187              

FU_BUSY_1                                     24300698                       24300698              

FU_BUSY_2                                     16549246                       16549246              

FU_BUSY_3                                     14518136                       14518136              

FU_BUSY_4                                     14687083                       14687083              

FU_BUSY_5                                     16841275                       16841275              

FU_BUSY_6                                      9601918                        9601918              

FU_BUSY_7                                     10242472                       10242472              

FU_BUSY_8                                            0                              0              

FU_BUSY_9                                            0                              0              

FU_BUSY_10                                           0                              0              

FU_BUSY_11                                           0                              0              

FU_BUSY_12                                           0                              0              

FU_BUSY_13                                           0                              0              

FU_BUSY_14                                           0                              0              

FU_BUSY_15                                           0                              0              

FU_BUSY_16                                           0                              0              

FU_BUSY_17                                           0                              0              

FU_BUSY_18                                           0                              0              

FU_BUSY_19                                           0                              0              

FU_BUSY_20                                           0                              0              

FU_BUSY_21                                           0                              0              

FU_BUSY_22                                           0                              0              

FU_BUSY_23                                           0                              0              

FU_BUSY_24                                           0                              0              

FU_BUSY_25                                           0                              0              

FU_BUSY_26                                           0                              0              

FU_BUSY_27                                           0                              0              

FU_BUSY_28                                           0                              0              

FU_BUSY_29                                           0                              0              

FU_BUSY_30                                           0                              0              

FU_BUSY_31                                           0                              0              

FU_REJECTED_OP_INV_NOT_SIMD                          0        0.000%                0        0.000%
FU_REJECTED_OP_NOP_NOT_SIMD                          0        0.000%                0        0.000%
FU_REJECTED_OP_CF_NOT_SIMD                         517        0.024%              517        0.024%
FU_REJECTED_OP_MOV_NOT_SIMD                         27        0.001%               27        0.001%
FU_REJECTED_OP_CMOV_NOT_SIMD                         0        0.000%                0        0.000%
FU_REJECTED_OP_LDA_NOT_SIMD                         28        0.001%               28        0.001%
FU_REJECTED_OP_IMEM_NOT_SIMD                      4695        0.222%             4695        0.222%
FU_REJECTED_OP_IADD_NOT_SIMD                   1273695       60.250%          1273695       60.250%
FU_REJECTED_OP_IMUL_NOT_SIMD                       851        0.040%              851        0.040%
FU_REJECTED_OP_IDIV_NOT_SIMD                         0        0.000%                0        0.000%
FU_REJECTED_OP_ICMP_NOT_SIMD                         0        0.000%                0        0.000%
FU_REJECTED_OP_LOGIC_NOT_SIMD                     3287        0.155%             3287        0.155%
FU_REJECTED_OP_SHIFT_NOT_SIMD                      179        0.008%              179        0.008%
FU_REJECTED_OP_FMEM_NOT_SIMD                         4        0.000%                4        0.000%
FU_REJECTED_OP_FCVT_NOT_SIMD                         0        0.000%                0        0.000%
FU_REJECTED_OP_FADD_NOT_SIMD                         0        0.000%                0        0.000%
FU_REJECTED_OP_FMUL_NOT_SIMD                         0        0.000%                0        0.000%
FU_REJECTED_OP_FMA_NOT_SIMD                          0        0.000%                0        0.000%
FU_REJECTED_OP_FDIV_NOT_SIMD                         0        0.000%                0        0.000%
FU_REJECTED_OP_FCMP_NOT_SIMD                         0        0.000%                0        0.000%
FU_REJECTED_OP_FCMOV_NOT_SIMD                        0        0.000%                0        0.000%
FU_REJECTED_OP_GATHER_NOT_SIMD                       0        0.000%                0        0.000%
FU_REJECTED_OP_SCATTER_NOT_SIMD                      0        0.000%                0        0.000%
FU_REJECTED_OP_PIPELINED_FAST_NOT_SIMD               0        0.000%                0        0.000%
FU_REJECTED_OP_PIPELINED_MEDIUM_NOT_SIMD             0        0.000%                0        0.000%
FU_REJECTED_OP_PIPELINED_SLOW_NOT_SIMD               0        0.000%                0        0.000%
FU_REJECTED_OP_NOTPIPELINED_MEDIUM_NOT_SIMD             0        0.000%                0        0.000%
FU_REJECTED_OP_NOTPIPELINED_SLOW_NOT_SIMD             0        0.000%                0        0.000%
FU_REJECTED_OP_NOTPIPELINED_VERY_SLOW_NOT_SIMD             0        0.000%                0        0.000%
FU_REJECTED_OP_INV_SIMD                              0        0.000%                0        0.000%
FU_REJECTED_OP_NOP_SIMD                              0        0.000%                0        0.000%
FU_REJECTED_OP_CF_SIMD                               0        0.000%                0        0.000%
FU_REJECTED_OP_MOV_SIMD                           4486        0.212%             4486        0.212%
FU_REJECTED_OP_CMOV_SIMD                             0        0.000%                0        0.000%
FU_REJECTED_OP_LDA_SIMD                              0        0.000%                0        0.000%
FU_REJECTED_OP_IMEM_SIMD                             0        0.000%                0        0.000%
FU_REJECTED_OP_IADD_SIMD                             0        0.000%                0        0.000%
FU_REJECTED_OP_IMUL_SIMD                             0        0.000%                0        0.000%
FU_REJECTED_OP_IDIV_SIMD                             0        0.000%                0        0.000%
FU_REJECTED_OP_ICMP_SIMD                             0        0.000%                0        0.000%
FU_REJECTED_OP_LOGIC_SIMD                            0        0.000%                0        0.000%
FU_REJECTED_OP_SHIFT_SIMD                            0        0.000%                0        0.000%
FU_REJECTED_OP_FMEM_SIMD                             0        0.000%                0        0.000%
FU_REJECTED_OP_FCVT_SIMD                             0        0.000%                0        0.000%
FU_REJECTED_OP_FADD_SIMD                        826245       39.084%           826245       39.084%
FU_REJECTED_OP_FMUL_SIMD                             0        0.000%                0        0.000%
FU_REJECTED_OP_FMA_SIMD                              0        0.000%                0        0.000%
FU_REJECTED_OP_FDIV_SIMD                             0        0.000%                0        0.000%
FU_REJECTED_OP_FCMP_SIMD                             0        0.000%                0        0.000%
FU_REJECTED_OP_FCMOV_SIMD                            0        0.000%                0        0.000%
FU_REJECTED_OP_GATHER_SIMD                           0        0.000%                0        0.000%
FU_REJECTED_OP_SCATTER_SIMD                          0        0.000%                0        0.000%
FU_REJECTED_OP_PIPELINED_FAST_SIMD                   0        0.000%                0        0.000%
FU_REJECTED_OP_PIPELINED_MEDIUM_SIMD                 0        0.000%                0        0.000%
FU_REJECTED_OP_PIPELINED_SLOW_SIMD                   3        0.000%                3        0.000%
FU_REJECTED_OP_NOTPIPELINED_MEDIUM_SIMD              0        0.000%                0        0.000%
FU_REJECTED_OP_NOTPIPELINED_SLOW_SIMD                0        0.000%                0        0.000%
FU_REJECTED_OP_NOTPIPELINED_VERY_SLOW_SIMD             0        0.000%                0        0.000%
                                               2114017      100.000%          2114017      100.000%
                                                 21.52        18.05             21.52        18.05

OP_WAIT_0                                     87874714                       87874714              

OP_WAIT_1                                     26545072                       26545072              

OP_WAIT_2                                      8540294                        8540294              

OP_WAIT_3                                      2521735                        2521735              

OP_WAIT_4                                      1464282                        1464282              

OP_WAIT_5                                       805650                         805650              

OP_WAIT_6                                       235462                         235462              

OP_WAIT_7                                        38330                          38330              

OP_WAIT_8                                         3298                           3298              

OP_WAIT_9                                         6309                           6309              

OP_WAIT_10                                         220                            220              

OP_WAIT_11                                         123                            123              

OP_WAIT_12                                         187                            187              

OP_WAIT_13                                          46                             46              

OP_WAIT_14                                          79                             79              

OP_WAIT_15                                          84                             84              

OP_WAIT_16                                          43                             43              

OP_WAIT_17                                          83                             83              

OP_WAIT_18                                          23                             23              

OP_WAIT_19                                          40                             40              

OP_WAIT_20                                           2                              2              

OP_WAIT_21                                           3                              3              

OP_WAIT_22                                          47                             47              

OP_WAIT_23                                           4                              4              

OP_WAIT_24                                           0                              0              

OP_WAIT_25                                           1                              1              

OP_WAIT_26                                           0                              0              

OP_WAIT_27                                           0                              0              

OP_WAIT_28                                           0                              0              

OP_WAIT_29                                           1                              1              

OP_WAIT_30                                           0                              0              

OP_WAIT_31                                         196                            196              

ROW_SIZE_0                                     5872566                        5872566              

ROW_SIZE_1                                     2368060                        2368060              

ROW_SIZE_2                                     1660923                        1660923              

ROW_SIZE_3                                      503115                         503115              

ROW_SIZE_4                                     1306377                        1306377              

ROW_SIZE_5                                      669547                         669547              

ROW_SIZE_6                                    18710639                       18710639              

ROW_SIZE_7                                           0                              0              

ROW_SIZE_8                                           0                              0              

ROW_SIZE_9                                           0                              0              

ROW_SIZE_10                                          0                              0              

ROW_SIZE_11                                          0                              0              

ROW_SIZE_12                                          0                              0              

ROW_SIZE_13                                          0                              0              

ROW_SIZE_14                                          0                              0              

ROW_SIZE_15                                          0                              0              

ROW_SIZE_16                                          0                              0              

ROW_SIZE_17                                          0                              0              

ROW_SIZE_18                                          0                              0              

ROW_SIZE_19                                          0                              0              

ROW_SIZE_20                                          0                              0              

ROW_SIZE_21                                          0                              0              

ROW_SIZE_22                                          0                              0              

ROW_SIZE_23                                          0                              0              

ROW_SIZE_24                                          0                              0              

ROW_SIZE_25                                          0                              0              

ROW_SIZE_26                                          0                              0              

ROW_SIZE_27                                          0                              0              

ROW_SIZE_28                                          0                              0              

ROW_SIZE_29                                          0                              0              

ROW_SIZE_30                                          0                              0              

ROW_SIZE_31                                          0                              0              

RET_OP_EXEC_COUNT_0                                  0        0.000%                0        0.000%
RET_OP_EXEC_COUNT_1                          128036328      100.000%        128036328      100.000%
RET_OP_EXEC_COUNT_2                                  0        0.000%                0        0.000%
RET_OP_EXEC_COUNT_3                                  0        0.000%                0        0.000%
RET_OP_EXEC_COUNT_4                                  0        0.000%                0        0.000%
RET_OP_EXEC_COUNT_5                                  0        0.000%                0        0.000%
RET_OP_EXEC_COUNT_6                                  0        0.000%                0        0.000%
RET_OP_EXEC_COUNT_7                                  0        0.000%                0        0.000%
RET_OP_EXEC_COUNT_8                                  0        0.000%                0        0.000%
RET_OP_EXEC_COUNT_9                                  0        0.000%                0        0.000%
RET_OP_EXEC_COUNT_10                                 0        0.000%                0        0.000%
RET_OP_EXEC_COUNT_11                                 0        0.000%                0        0.000%
RET_OP_EXEC_COUNT_12                                 0        0.000%                0        0.000%
RET_OP_EXEC_COUNT_13                                 0        0.000%                0        0.000%
RET_OP_EXEC_COUNT_14                                 0        0.000%                0        0.000%
RET_OP_EXEC_COUNT_15                                 0        0.000%                0        0.000%
RET_OP_EXEC_COUNT_16                                 0        0.000%                0        0.000%
RET_OP_EXEC_COUNT_17                                 0        0.000%                0        0.000%
RET_OP_EXEC_COUNT_18                                 0        0.000%                0        0.000%
RET_OP_EXEC_COUNT_19                                 0        0.000%                0        0.000%
RET_OP_EXEC_COUNT_20                                 0        0.000%                0        0.000%
RET_OP_EXEC_COUNT_21                                 0        0.000%                0        0.000%
RET_OP_EXEC_COUNT_22                                 0        0.000%                0        0.000%
RET_OP_EXEC_COUNT_23                                 0        0.000%                0        0.000%
RET_OP_EXEC_COUNT_24                                 0        0.000%                0        0.000%
RET_OP_EXEC_COUNT_25                                 0        0.000%                0        0.000%
RET_OP_EXEC_COUNT_26                                 0        0.000%                0        0.000%
RET_OP_EXEC_COUNT_27                                 0        0.000%                0        0.000%
RET_OP_EXEC_COUNT_28                                 0        0.000%                0        0.000%
RET_OP_EXEC_COUNT_29                                 0        0.000%                0        0.000%
RET_OP_EXEC_COUNT_30                                 0        0.000%                0        0.000%
RET_OP_EXEC_COUNT_31                                 0        0.000%                0        0.000%
RET_OP_EXEC_COUNT_32                                 0        0.000%                0        0.000%
                                             128036328      100.000%        128036328      100.000%
                                                  1.00         0.00              1.00         0.00

RET_STALL_LENGTH_0                           128036086      100.000%        128036086      100.000%
RET_STALL_LENGTH_100                               226        0.000%              226        0.000%
RET_STALL_LENGTH_200                                 7        0.000%                7        0.000%
RET_STALL_LENGTH_300                                 4        0.000%                4        0.000%
RET_STALL_LENGTH_400                                 0        0.000%                0        0.000%
RET_STALL_LENGTH_500                                 1        0.000%                1        0.000%
RET_STALL_LENGTH_600                                 0        0.000%                0        0.000%
RET_STALL_LENGTH_700                                 0        0.000%                0        0.000%
RET_STALL_LENGTH_800                                 0        0.000%                0        0.000%
RET_STALL_LENGTH_900                                 0        0.000%                0        0.000%
RET_STALL_LENGTH_1000                                1        0.000%                1        0.000%
RET_STALL_LENGTH_1100                                2        0.000%                2        0.000%
RET_STALL_LENGTH_1200                                0        0.000%                0        0.000%
RET_STALL_LENGTH_1300                                1        0.000%                1        0.000%
RET_STALL_LENGTH_1400                                0        0.000%                0        0.000%
RET_STALL_LENGTH_1500                                0        0.000%                0        0.000%
RET_STALL_LENGTH_1600                                0        0.000%                0        0.000%
RET_STALL_LENGTH_1700                                0        0.000%                0        0.000%
RET_STALL_LENGTH_1800                                0        0.000%                0        0.000%
RET_STALL_LENGTH_1900                                0        0.000%                0        0.000%
RET_STALL_LENGTH_2000                                0        0.000%                0        0.000%
RET_STALL_LENGTH_2100                                0        0.000%                0        0.000%
RET_STALL_LENGTH_2200                                0        0.000%                0        0.000%
RET_STALL_LENGTH_2300                                0        0.000%                0        0.000%
RET_STALL_LENGTH_2400                                0        0.000%                0        0.000%
RET_STALL_LENGTH_2500                                0        0.000%                0        0.000%
RET_STALL_LENGTH_2600                                0        0.000%                0        0.000%
RET_STALL_LENGTH_2700                                0        0.000%                0        0.000%
RET_STALL_LENGTH_2800                                0        0.000%                0        0.000%
RET_STALL_LENGTH_2900                                0        0.000%                0        0.000%
RET_STALL_LENGTH_3000                                0        0.000%                0        0.000%
RET_STALL_LENGTH_3100                                0        0.000%                0        0.000%
RET_STALL_LENGTH_3200                                0        0.000%                0        0.000%
RET_STALL_LENGTH_3300                                0        0.000%                0        0.000%
RET_STALL_LENGTH_3400                                0        0.000%                0        0.000%
RET_STALL_LENGTH_3500                                0        0.000%                0        0.000%
RET_STALL_LENGTH_3600                                0        0.000%                0        0.000%
RET_STALL_LENGTH_3700                                0        0.000%                0        0.000%
RET_STALL_LENGTH_3800                                0        0.000%                0        0.000%
RET_STALL_LENGTH_3900                                0        0.000%                0        0.000%
RET_STALL_LENGTH_4000                                0        0.000%                0        0.000%
RET_STALL_LENGTH_4100                                0        0.000%                0        0.000%
RET_STALL_LENGTH_4200                                0        0.000%                0        0.000%
RET_STALL_LENGTH_4300                                0        0.000%                0        0.000%
RET_STALL_LENGTH_4400                                0        0.000%                0        0.000%
RET_STALL_LENGTH_4500                                0        0.000%                0        0.000%
RET_STALL_LENGTH_4600                                0        0.000%                0        0.000%
RET_STALL_LENGTH_4700                                0        0.000%                0        0.000%
RET_STALL_LENGTH_4800                                0        0.000%                0        0.000%
RET_STALL_LENGTH_4900                                0        0.000%                0        0.000%
RET_STALL_LENGTH_5000                                0        0.000%                0        0.000%
                                             128036328      100.000%        128036328      100.000%
                                                  0.00         0.00              0.00         0.00

MEM_BLOCK_LENGTH_0                                   0         -nan%                0         -nan%
MEM_BLOCK_LENGTH_100                                 0         -nan%                0         -nan%
MEM_BLOCK_LENGTH_200                                 0         -nan%                0         -nan%
MEM_BLOCK_LENGTH_300                                 0         -nan%                0         -nan%
MEM_BLOCK_LENGTH_400                                 0         -nan%                0         -nan%
MEM_BLOCK_LENGTH_500                                 0         -nan%                0         -nan%
MEM_BLOCK_LENGTH_600                                 0         -nan%                0         -nan%
MEM_BLOCK_LENGTH_700                                 0         -nan%                0         -nan%
MEM_BLOCK_LENGTH_800                                 0         -nan%                0         -nan%
MEM_BLOCK_LENGTH_900                                 0         -nan%                0         -nan%
MEM_BLOCK_LENGTH_1000                                0         -nan%                0         -nan%
MEM_BLOCK_LENGTH_1100                                0         -nan%                0         -nan%
MEM_BLOCK_LENGTH_1200                                0         -nan%                0         -nan%
MEM_BLOCK_LENGTH_1300                                0         -nan%                0         -nan%
MEM_BLOCK_LENGTH_1400                                0         -nan%                0         -nan%
MEM_BLOCK_LENGTH_1500                                0         -nan%                0         -nan%
MEM_BLOCK_LENGTH_1600                                0         -nan%                0         -nan%
MEM_BLOCK_LENGTH_1700                                0         -nan%                0         -nan%
MEM_BLOCK_LENGTH_1800                                0         -nan%                0         -nan%
MEM_BLOCK_LENGTH_1900                                0         -nan%                0         -nan%
MEM_BLOCK_LENGTH_2000                                0         -nan%                0         -nan%
MEM_BLOCK_LENGTH_2100                                0         -nan%                0         -nan%
MEM_BLOCK_LENGTH_2200                                0         -nan%                0         -nan%
MEM_BLOCK_LENGTH_2300                                0         -nan%                0         -nan%
MEM_BLOCK_LENGTH_2400                                0         -nan%                0         -nan%
MEM_BLOCK_LENGTH_2500                                0         -nan%                0         -nan%
MEM_BLOCK_LENGTH_2600                                0         -nan%                0         -nan%
MEM_BLOCK_LENGTH_2700                                0         -nan%                0         -nan%
MEM_BLOCK_LENGTH_2800                                0         -nan%                0         -nan%
MEM_BLOCK_LENGTH_2900                                0         -nan%                0         -nan%
MEM_BLOCK_LENGTH_3000                                0         -nan%                0         -nan%
MEM_BLOCK_LENGTH_3100                                0         -nan%                0         -nan%
MEM_BLOCK_LENGTH_3200                                0         -nan%                0         -nan%
MEM_BLOCK_LENGTH_3300                                0         -nan%                0         -nan%
MEM_BLOCK_LENGTH_3400                                0         -nan%                0         -nan%
MEM_BLOCK_LENGTH_3500                                0         -nan%                0         -nan%
MEM_BLOCK_LENGTH_3600                                0         -nan%                0         -nan%
MEM_BLOCK_LENGTH_3700                                0         -nan%                0         -nan%
MEM_BLOCK_LENGTH_3800                                0         -nan%                0         -nan%
MEM_BLOCK_LENGTH_3900                                0         -nan%                0         -nan%
MEM_BLOCK_LENGTH_4000                                0         -nan%                0         -nan%
MEM_BLOCK_LENGTH_4100                                0         -nan%                0         -nan%
MEM_BLOCK_LENGTH_4200                                0         -nan%                0         -nan%
MEM_BLOCK_LENGTH_4300                                0         -nan%                0         -nan%
MEM_BLOCK_LENGTH_4400                                0         -nan%                0         -nan%
MEM_BLOCK_LENGTH_4500                                0         -nan%                0         -nan%
MEM_BLOCK_LENGTH_4600                                0         -nan%                0         -nan%
MEM_BLOCK_LENGTH_4700                                0         -nan%                0         -nan%
MEM_BLOCK_LENGTH_4800                                0         -nan%                0         -nan%
MEM_BLOCK_LENGTH_4900                                0         -nan%                0         -nan%
MEM_BLOCK_LENGTH_5000                                0         -nan%                0         -nan%
                                                     0         -nan%                0         -nan%
                                                  -nan         -nan              -nan         -nan

FUS_BUSY_ON_PATH                             131135063        4.0842        131135063        4.0842

FUS_BUSY_OFF_PATH                              5890952        0.1835          5890952        0.1835

FU_BUSY_MEM_STALL                              3138059        0.0977          3138059        0.0977

FUS_EMPTY                                    119837233        3.7323        119837233        3.7323

FU_UNAVAILABLE                                   15628        0.0005            15628        0.0005

FU_MEM_UNAVAILABLE                             2098389        0.0654          2098389        0.0654

FU_REPLAY                                            0        0.0000                0        0.0000

FU_STARVED                                   119326840        3.7164        119326840        3.7164

CHIP_UTILIZATION                                     0        0.0000                0        0.0000

CYCLES_UNDER_MEM_REQ                                 0                              0              

CYCLES_UNDER_NO_MEM_REQ                              0                              0              

CYCLES_UNDER_CRITICAL_MEM_REQ                        0                              0              

CYCLES_UNDER_NONCRITICAL_MEM_REQ                     0                              0              

CHIP_UTILIZATION_UNDER_MEM_REQ                       0          -nan                0          -nan

CHIP_UTILIZATION_UNDER_NO_MEM_REQ                    0          -nan                0          -nan

CHIP_UTILIZATION_UNDER_CRITICAL_MEM_REQ              0          -nan                0          -nan

CHIP_UTILIZATION_UNDER_NONCRITICAL_MEM_REQ             0          -nan                0          -nan

CYCLES_NOT_WAITING_FOR_OFF_CHIP                      0        0.0000                0        0.0000

FUS_BUSY_NOT_WAITING_FOR_OFF_CHIP                    0          -nan                0          -nan

CYCLES_WAITING_FOR_OFF_CHIP                          0        0.0000                0        0.0000

FUS_BUSY_WAITING_FOR_OFF_CHIP                        0          -nan                0          -nan

TOTAL_OFF_CHIP_DELAYS_LEFT                           0                              0              

WRONG_IO_SCHED                                       0                              0              

DVFS_CONFIG_SWITCH                                   0                              0              

MAP_STAGE_RECEIVED_OPS_0                             0        0.000%                0        0.000%
MAP_STAGE_RECEIVED_OPS_1                       1538216        5.486%          1538216        5.486%
MAP_STAGE_RECEIVED_OPS_2                       1998314        7.127%          1998314        7.127%
MAP_STAGE_RECEIVED_OPS_3                       4607475       16.432%          4607475       16.432%
MAP_STAGE_RECEIVED_OPS_4                       2991816       10.670%          2991816       10.670%
MAP_STAGE_RECEIVED_OPS_5                       4855776       17.317%          4855776       17.317%
MAP_STAGE_RECEIVED_OPS_6                      12048860       42.970%         12048860       42.970%
MAP_STAGE_RECEIVED_OPS_7                             0        0.000%                0        0.000%
MAP_STAGE_RECEIVED_OPS_8                             0        0.000%                0        0.000%
MAP_STAGE_RECEIVED_OPS_MAX                           0        0.000%                0        0.000%
                                              28040457      100.000%         28040457      100.000%
                                                  4.56         1.59              4.56         1.59

MAP_STAGE_WAIT_FOR_DECODE                            0         -nan%                0         -nan%
MAP_STAGE_CONSUME_DECODE                             0         -nan%                0         -nan%
                                                     0         -nan%                0         -nan%
                                                  -nan         -nan              -nan         -nan

MAP_STAGE_WAIT_FOR_DECODE2                           0         -nan%                0         -nan%
MAP_STAGE_CONSUME_DECODE2                            0         -nan%                0         -nan%
                                                     0         -nan%                0         -nan%
                                                  -nan         -nan              -nan         -nan

FTQ_RECOVER_EXEC                                145868                         145868              

FTQ_RECOVER_DECODE                                  35                             35              

FTQ_OFFPATH_CYCLES                             1715197                        1715197              

FTQ_CYCLES_OFFPATH                            11454138                       11454138              

FTQ_CYCLES_ONPATH                             20653768                       20653768              

FTQ_FETCHED_INS_OFFPATH                       56779966                       56779966              

FTQ_FETCHED_INS_ONPATH                       127890788                      127890788              

FTQ_BREAK_FULL_FT_ONPATH                      18573358       90.567%         18573358       90.567%
FTQ_BREAK_MAX_CFS_TAKEN_ONPATH                 1703002        8.304%          1703002        8.304%
FTQ_BREAK_MAX_BYTES_ONPATH                      231505        1.129%           231505        1.129%
FTQ_BREAK_PRED_BR_ONPATH                             0        0.000%                0        0.000%
FTQ_BREAK_BAR_FETCH_ONPATH                           0        0.000%                0        0.000%
                                              20507865      100.000%         20507865      100.000%
                                                  0.11         0.33              0.11         0.33

FTQ_BREAK_FULL_FT_OFFPATH                     11333662       97.704%         11333662       97.704%
FTQ_BREAK_MAX_CFS_TAKEN_OFFPATH                 238577        2.057%           238577        2.057%
FTQ_BREAK_MAX_BYTES_OFFPATH                      27802        0.240%            27802        0.240%
FTQ_BREAK_PRED_BR_OFFPATH                            0        0.000%                0        0.000%
FTQ_BREAK_BAR_FETCH_OFFPATH                          0        0.000%                0        0.000%
                                              11600041      100.000%         11600041      100.000%
                                                  0.03         0.17              0.03         0.17



