               ramulator.active_cycles_0            26369942                                      # Total active cycles for level _0
                 ramulator.busy_cycles_0            26369942                                      # (All-bank refresh only. busy cycles only include refresh time in rank level) The sum of cycles that the DRAM part is active or under refresh for level _0
            ramulator.serving_requests_0            36059706                                      # The sum of read and write requests that are served in this DRAM element per memory cycle for level _0
    ramulator.average_serving_requests_0            0.619382                                      # The average of read and write requests that are served in this DRAM element per memory cycle for level _0
             ramulator.active_cycles_0_0            26369942                                      # Total active cycles for level _0_0
               ramulator.busy_cycles_0_0            28343942                                      # (All-bank refresh only. busy cycles only include refresh time in rank level) The sum of cycles that the DRAM part is active or under refresh for level _0_0
          ramulator.serving_requests_0_0            36059706                                      # The sum of read and write requests that are served in this DRAM element per memory cycle for level _0_0
  ramulator.average_serving_requests_0_0            0.619382                                      # The average of read and write requests that are served in this DRAM element per memory cycle for level _0_0
           ramulator.active_cycles_0_0_0             7724774                                      # Total active cycles for level _0_0_0
             ramulator.busy_cycles_0_0_0             7724774                                      # (All-bank refresh only. busy cycles only include refresh time in rank level) The sum of cycles that the DRAM part is active or under refresh for level _0_0_0
        ramulator.serving_requests_0_0_0             8311937                                      # The sum of read and write requests that are served in this DRAM element per memory cycle for level _0_0_0
ramulator.average_serving_requests_0_0_0            0.142771                                      # The average of read and write requests that are served in this DRAM element per memory cycle for level _0_0_0
         ramulator.active_cycles_0_0_0_0             2317433                                      # Total active cycles for level _0_0_0_0
           ramulator.busy_cycles_0_0_0_0             2317433                                      # (All-bank refresh only. busy cycles only include refresh time in rank level) The sum of cycles that the DRAM part is active or under refresh for level _0_0_0_0
      ramulator.serving_requests_0_0_0_0             2354239                                      # The sum of read and write requests that are served in this DRAM element per memory cycle for level _0_0_0_0
ramulator.average_serving_requests_0_0_0_0            0.040438                                      # The average of read and write requests that are served in this DRAM element per memory cycle for level _0_0_0_0
         ramulator.active_cycles_0_0_0_1             1836063                                      # Total active cycles for level _0_0_0_1
           ramulator.busy_cycles_0_0_0_1             1836063                                      # (All-bank refresh only. busy cycles only include refresh time in rank level) The sum of cycles that the DRAM part is active or under refresh for level _0_0_0_1
      ramulator.serving_requests_0_0_0_1             1859037                                      # The sum of read and write requests that are served in this DRAM element per memory cycle for level _0_0_0_1
ramulator.average_serving_requests_0_0_0_1            0.031932                                      # The average of read and write requests that are served in this DRAM element per memory cycle for level _0_0_0_1
         ramulator.active_cycles_0_0_0_2             1966826                                      # Total active cycles for level _0_0_0_2
           ramulator.busy_cycles_0_0_0_2             1966826                                      # (All-bank refresh only. busy cycles only include refresh time in rank level) The sum of cycles that the DRAM part is active or under refresh for level _0_0_0_2
      ramulator.serving_requests_0_0_0_2             1992682                                      # The sum of read and write requests that are served in this DRAM element per memory cycle for level _0_0_0_2
ramulator.average_serving_requests_0_0_0_2            0.034227                                      # The average of read and write requests that are served in this DRAM element per memory cycle for level _0_0_0_2
         ramulator.active_cycles_0_0_0_3             2077866                                      # Total active cycles for level _0_0_0_3
           ramulator.busy_cycles_0_0_0_3             2077866                                      # (All-bank refresh only. busy cycles only include refresh time in rank level) The sum of cycles that the DRAM part is active or under refresh for level _0_0_0_3
      ramulator.serving_requests_0_0_0_3             2105979                                      # The sum of read and write requests that are served in this DRAM element per memory cycle for level _0_0_0_3
ramulator.average_serving_requests_0_0_0_3            0.036173                                      # The average of read and write requests that are served in this DRAM element per memory cycle for level _0_0_0_3
           ramulator.active_cycles_0_0_1             8445208                                      # Total active cycles for level _0_0_1
             ramulator.busy_cycles_0_0_1             8445208                                      # (All-bank refresh only. busy cycles only include refresh time in rank level) The sum of cycles that the DRAM part is active or under refresh for level _0_0_1
        ramulator.serving_requests_0_0_1             9186046                                      # The sum of read and write requests that are served in this DRAM element per memory cycle for level _0_0_1
ramulator.average_serving_requests_0_0_1            0.157785                                      # The average of read and write requests that are served in this DRAM element per memory cycle for level _0_0_1
         ramulator.active_cycles_0_0_1_0             2117652                                      # Total active cycles for level _0_0_1_0
           ramulator.busy_cycles_0_0_1_0             2117652                                      # (All-bank refresh only. busy cycles only include refresh time in rank level) The sum of cycles that the DRAM part is active or under refresh for level _0_0_1_0
      ramulator.serving_requests_0_0_1_0             2149364                                      # The sum of read and write requests that are served in this DRAM element per memory cycle for level _0_0_1_0
ramulator.average_serving_requests_0_0_1_0            0.036919                                      # The average of read and write requests that are served in this DRAM element per memory cycle for level _0_0_1_0
         ramulator.active_cycles_0_0_1_1             2314979                                      # Total active cycles for level _0_0_1_1
           ramulator.busy_cycles_0_0_1_1             2314979                                      # (All-bank refresh only. busy cycles only include refresh time in rank level) The sum of cycles that the DRAM part is active or under refresh for level _0_0_1_1
      ramulator.serving_requests_0_0_1_1             2354532                                      # The sum of read and write requests that are served in this DRAM element per memory cycle for level _0_0_1_1
ramulator.average_serving_requests_0_0_1_1            0.040443                                      # The average of read and write requests that are served in this DRAM element per memory cycle for level _0_0_1_1
         ramulator.active_cycles_0_0_1_2             2407395                                      # Total active cycles for level _0_0_1_2
           ramulator.busy_cycles_0_0_1_2             2407395                                      # (All-bank refresh only. busy cycles only include refresh time in rank level) The sum of cycles that the DRAM part is active or under refresh for level _0_0_1_2
      ramulator.serving_requests_0_0_1_2             2449053                                      # The sum of read and write requests that are served in this DRAM element per memory cycle for level _0_0_1_2
ramulator.average_serving_requests_0_0_1_2            0.042066                                      # The average of read and write requests that are served in this DRAM element per memory cycle for level _0_0_1_2
         ramulator.active_cycles_0_0_1_3             2198104                                      # Total active cycles for level _0_0_1_3
           ramulator.busy_cycles_0_0_1_3             2198104                                      # (All-bank refresh only. busy cycles only include refresh time in rank level) The sum of cycles that the DRAM part is active or under refresh for level _0_0_1_3
      ramulator.serving_requests_0_0_1_3             2233097                                      # The sum of read and write requests that are served in this DRAM element per memory cycle for level _0_0_1_3
ramulator.average_serving_requests_0_0_1_3            0.038357                                      # The average of read and write requests that are served in this DRAM element per memory cycle for level _0_0_1_3
           ramulator.active_cycles_0_0_2             8436931                                      # Total active cycles for level _0_0_2
             ramulator.busy_cycles_0_0_2             8436931                                      # (All-bank refresh only. busy cycles only include refresh time in rank level) The sum of cycles that the DRAM part is active or under refresh for level _0_0_2
        ramulator.serving_requests_0_0_2             9215562                                      # The sum of read and write requests that are served in this DRAM element per memory cycle for level _0_0_2
ramulator.average_serving_requests_0_0_2            0.158292                                      # The average of read and write requests that are served in this DRAM element per memory cycle for level _0_0_2
         ramulator.active_cycles_0_0_2_0             2481619                                      # Total active cycles for level _0_0_2_0
           ramulator.busy_cycles_0_0_2_0             2481619                                      # (All-bank refresh only. busy cycles only include refresh time in rank level) The sum of cycles that the DRAM part is active or under refresh for level _0_0_2_0
      ramulator.serving_requests_0_0_2_0             2520933                                      # The sum of read and write requests that are served in this DRAM element per memory cycle for level _0_0_2_0
ramulator.average_serving_requests_0_0_2_0            0.043301                                      # The average of read and write requests that are served in this DRAM element per memory cycle for level _0_0_2_0
         ramulator.active_cycles_0_0_2_1             2137791                                      # Total active cycles for level _0_0_2_1
           ramulator.busy_cycles_0_0_2_1             2137791                                      # (All-bank refresh only. busy cycles only include refresh time in rank level) The sum of cycles that the DRAM part is active or under refresh for level _0_0_2_1
      ramulator.serving_requests_0_0_2_1             2172651                                      # The sum of read and write requests that are served in this DRAM element per memory cycle for level _0_0_2_1
ramulator.average_serving_requests_0_0_2_1            0.037319                                      # The average of read and write requests that are served in this DRAM element per memory cycle for level _0_0_2_1
         ramulator.active_cycles_0_0_2_2             2116100                                      # Total active cycles for level _0_0_2_2
           ramulator.busy_cycles_0_0_2_2             2116100                                      # (All-bank refresh only. busy cycles only include refresh time in rank level) The sum of cycles that the DRAM part is active or under refresh for level _0_0_2_2
      ramulator.serving_requests_0_0_2_2             2143518                                      # The sum of read and write requests that are served in this DRAM element per memory cycle for level _0_0_2_2
ramulator.average_serving_requests_0_0_2_2            0.036818                                      # The average of read and write requests that are served in this DRAM element per memory cycle for level _0_0_2_2
         ramulator.active_cycles_0_0_2_3             2342218                                      # Total active cycles for level _0_0_2_3
           ramulator.busy_cycles_0_0_2_3             2342218                                      # (All-bank refresh only. busy cycles only include refresh time in rank level) The sum of cycles that the DRAM part is active or under refresh for level _0_0_2_3
      ramulator.serving_requests_0_0_2_3             2378460                                      # The sum of read and write requests that are served in this DRAM element per memory cycle for level _0_0_2_3
ramulator.average_serving_requests_0_0_2_3            0.040854                                      # The average of read and write requests that are served in this DRAM element per memory cycle for level _0_0_2_3
           ramulator.active_cycles_0_0_3             8645363                                      # Total active cycles for level _0_0_3
             ramulator.busy_cycles_0_0_3             8645363                                      # (All-bank refresh only. busy cycles only include refresh time in rank level) The sum of cycles that the DRAM part is active or under refresh for level _0_0_3
        ramulator.serving_requests_0_0_3             9346161                                      # The sum of read and write requests that are served in this DRAM element per memory cycle for level _0_0_3
ramulator.average_serving_requests_0_0_3            0.160535                                      # The average of read and write requests that are served in this DRAM element per memory cycle for level _0_0_3
         ramulator.active_cycles_0_0_3_0             2236366                                      # Total active cycles for level _0_0_3_0
           ramulator.busy_cycles_0_0_3_0             2236366                                      # (All-bank refresh only. busy cycles only include refresh time in rank level) The sum of cycles that the DRAM part is active or under refresh for level _0_0_3_0
      ramulator.serving_requests_0_0_3_0             2275472                                      # The sum of read and write requests that are served in this DRAM element per memory cycle for level _0_0_3_0
ramulator.average_serving_requests_0_0_3_0            0.039085                                      # The average of read and write requests that are served in this DRAM element per memory cycle for level _0_0_3_0
         ramulator.active_cycles_0_0_3_1             2520102                                      # Total active cycles for level _0_0_3_1
           ramulator.busy_cycles_0_0_3_1             2520102                                      # (All-bank refresh only. busy cycles only include refresh time in rank level) The sum of cycles that the DRAM part is active or under refresh for level _0_0_3_1
      ramulator.serving_requests_0_0_3_1             2563524                                      # The sum of read and write requests that are served in this DRAM element per memory cycle for level _0_0_3_1
ramulator.average_serving_requests_0_0_3_1            0.044033                                      # The average of read and write requests that are served in this DRAM element per memory cycle for level _0_0_3_1
         ramulator.active_cycles_0_0_3_2             2326600                                      # Total active cycles for level _0_0_3_2
           ramulator.busy_cycles_0_0_3_2             2326600                                      # (All-bank refresh only. busy cycles only include refresh time in rank level) The sum of cycles that the DRAM part is active or under refresh for level _0_0_3_2
      ramulator.serving_requests_0_0_3_2             2363423                                      # The sum of read and write requests that are served in this DRAM element per memory cycle for level _0_0_3_2
ramulator.average_serving_requests_0_0_3_2            0.040595                                      # The average of read and write requests that are served in this DRAM element per memory cycle for level _0_0_3_2
         ramulator.active_cycles_0_0_3_3             2108297                                      # Total active cycles for level _0_0_3_3
           ramulator.busy_cycles_0_0_3_3             2108297                                      # (All-bank refresh only. busy cycles only include refresh time in rank level) The sum of cycles that the DRAM part is active or under refresh for level _0_0_3_3
      ramulator.serving_requests_0_0_3_3             2143742                                      # The sum of read and write requests that are served in this DRAM element per memory cycle for level _0_0_3_3
ramulator.average_serving_requests_0_0_3_3            0.036822                                      # The average of read and write requests that are served in this DRAM element per memory cycle for level _0_0_3_3
      ramulator.read_transaction_bytes_0            48286528                                      # The total byte of read transaction per channel
     ramulator.write_transaction_bytes_0             4056896                                      # The total byte of write transaction per channel
       ramulator.row_hits_channel_0_core              623694                                      # Number of row hits per channel per core
     ramulator.row_misses_channel_0_core               72816                                      # Number of row misses per channel per core
  ramulator.row_conflicts_channel_0_core              121356                                      # Number of row conflicts per channel per core
  ramulator.read_row_hits_channel_0_core              587065                                      # Number of row hits for read requests per channel per core
                                     [0]            587065.0                                      # 
ramulator.read_row_misses_channel_0_core               61541                                      # Number of row misses for read requests per channel per core
                                     [0]             61541.0                                      # 
ramulator.read_row_conflicts_channel_0_core              105871                                      # Number of row conflicts for read requests per channel per core
                                     [0]            105871.0                                      # 
 ramulator.write_row_hits_channel_0_core               36629                                      # Number of row hits for write requests per channel per core
                                     [0]             36629.0                                      # 
ramulator.write_row_misses_channel_0_core               11275                                      # Number of row misses for write requests per channel per core
                                     [0]             11275.0                                      # 
ramulator.write_row_conflicts_channel_0_core               15485                                      # Number of row conflicts for write requests per channel per core
                                     [0]             15485.0                                      # 
      ramulator.useless_activates_0_core                  12                                      # Number of useless activations. E.g, ACT -> PRE w/o RD or WR
            ramulator.read_latency_avg_0           33.609958                                      # The average memory latency cycles (in memory time domain) per request for all read requests in this channel
            ramulator.read_latency_sum_0            25357940                                      # The memory latency cycles (in memory time domain) sum for all read requests in this channel
        ramulator.req_queue_length_avg_0           14.731348                                      # Average of read and write queue length per memory cycle per channel.
        ramulator.req_queue_length_sum_0           857642096                                      # Sum of read and write queue length per memory cycle per channel.
   ramulator.read_req_queue_length_avg_0            0.389422                                      # Read queue length average per memory cycle per channel.
   ramulator.read_req_queue_length_sum_0            22671692                                      # Read queue length sum per memory cycle per channel.
  ramulator.write_req_queue_length_avg_0           14.341926                                      # Write queue length average per memory cycle per channel.
  ramulator.write_req_queue_length_sum_0           834970404                                      # Write queue length sum per memory cycle per channel.
              ramulator.record_read_hits                 0.0                                      # record read hit count for this core when it reaches request limit or to the end
                                     [0]                 0.0                                      # 
            ramulator.record_read_misses                 0.0                                      # record_read_miss count for this core when it reaches request limit or to the end
                                     [0]                 0.0                                      # 
         ramulator.record_read_conflicts                 0.0                                      # record read conflict count for this core when it reaches request limit or to the end
                                     [0]                 0.0                                      # 
             ramulator.record_write_hits                 0.0                                      # record write hit count for this core when it reaches request limit or to the end
                                     [0]                 0.0                                      # 
           ramulator.record_write_misses                 0.0                                      # record write miss count for this core when it reaches request limit or to the end
                                     [0]                 0.0                                      # 
        ramulator.record_write_conflicts                 0.0                                      # record write conflict for this core when it reaches request limit or to the end
                                     [0]                 0.0                                      # 
                 ramulator.dram_capacity          8589934592                                      # Number of bytes in simulated DRAM
                   ramulator.dram_cycles            58218846                                      # Number of DRAM cycles simulated
             ramulator.incoming_requests              817872                                      # Number of incoming requests to DRAM
                 ramulator.read_requests              754477                                      # Number of incoming read requests to DRAM per core
                                     [0]            754477.0                                      # 
                ramulator.write_requests               63395                                      # Number of incoming write requests to DRAM per core
                                     [0]             63395.0                                      # 
       ramulator.ramulator_active_cycles            26369942                                      # The total number of cycles that the DRAM part is active (serving R/W)
 ramulator.incoming_requests_per_channel            817872.0                                      # Number of incoming requests to each DRAM channel
                                     [0]            817872.0                                      # 
ramulator.incoming_read_reqs_per_channel            754477.0                                      # Number of incoming read requests to each DRAM channel
                                     [0]            754477.0                                      # 
     ramulator.physical_page_replacement                   0                                      # The number of times that physical page replacement happens.
             ramulator.maximum_bandwidth         19200000000                                      # The theoretical maximum bandwidth (Bps)
          ramulator.in_queue_req_num_sum           857642096                                      # Sum of read/write queue length
     ramulator.in_queue_read_req_num_sum            22671692                                      # Sum of read queue length
    ramulator.in_queue_write_req_num_sum           834970404                                      # Sum of write queue length
          ramulator.in_queue_req_num_avg           14.731348                                      # Average of read/write queue length per memory cycle
     ramulator.in_queue_read_req_num_avg            0.389422                                      # Average of read queue length per memory cycle
    ramulator.in_queue_write_req_num_avg           14.341926                                      # Average of write queue length per memory cycle
          ramulator.record_read_requests                 0.0                                      # record read requests for this core when it reaches request limit or to the end
                                     [0]                 0.0                                      # 
         ramulator.record_write_requests                 0.0                                      # record write requests for this core when it reaches request limit or to the end
                                     [0]                 0.0                                      # 
