/* -*- Mode: c -*- */
####################################################################################################
Core 0
####################################################################################################
Cumulative:        Cycles: 35662780              Instructions: 100000000             IPC: 2.80404

Periodic:          Cycles: 35662780              Instructions: 100000000             IPC: 2.80404

EXECUTION_TIME                           11144618750000                  11144618750000              

NODE_CYCLE                                    35662780                       35662780              

NODE_INST_COUNT                              100000000                      100000000              

NODE_INST_COUNT_FETCHED                      100000000                      100000000              

NODE_UOP_COUNT                               124037632                      124037632              

FULL_WINDOW_STALL                              8029347       22.515%          8029347       22.515%

FULL_WINDOW_ROB_MEM_OP                         7392501       92.069%          7392501       92.069%
FULL_WINDOW_ROB_FP_OP                                0        0.000%                0        0.000%
FULL_WINDOW_ROB_OTHER_OP                             0        0.000%                0        0.000%
FULL_WINDOW_LQ_FULL                                  0        0.000%                0        0.000%
FULL_WINDOW_SQ_FULL                                  0        0.000%                0        0.000%
FULL_WINDOW_WAITING_ON_RET                      636846        7.931%           636846        7.931%
                                               8029347      100.000%          8029347      100.000%
                                                  0.40         1.30              0.40         1.30

FULL_WINDOW_MEM_OP                                   0         -nan%                0         -nan%
FULL_WINDOW_FP_OP                                    0         -nan%                0         -nan%
FULL_WINDOW_OTHER_OP                                 0         -nan%                0         -nan%
                                                     0         -nan%                0         -nan%
                                                  -nan         -nan              -nan         -nan

RET_BLOCKED_DC_MISS                           12602663       35.338%         12602663       35.338%

RET_BLOCKED_L1_MISS                            7781769       21.820%          7781769       21.820%

RET_BLOCKED_L1_MISS_BW_PREF                          0        0.000%                0        0.000%

RET_BLOCKED_L1_ACCESS                          4820895       13.518%          4820895       13.518%

RET_BLOCKED_MEM_STALL                          7781769       21.820%          7781769       21.820%

RET_BLOCKED_OFFCHIP_DEMAND                           0        0.000%                0        0.000%

OP_ISSUED                                    124039649                      124039649              

OP_RETIRED                                   124037632                      124037632              

REPLAY_SIGNALED                                      0                              0              

REPLAY_COUNTED                                       0                              0              

OFF_CRITICAL_PATH                                    0         -nan%                0         -nan%
ON_CRITICAL_PATH                                     0         -nan%                0         -nan%
                                                     0         -nan%                0         -nan%
                                                  -nan         -nan              -nan         -nan

LD_NO_DEPENDENTS                                     0        0.000%                0        0.000%
LD_DEPENDENTS                                 31308808      100.000%         31308808      100.000%
                                              31308808      100.000%         31308808      100.000%
                                                  1.00         1.00              1.00         1.00

LD_EXEC_CYCLES_0                                     0        0.000%                0        0.000%
LD_EXEC_CYCLES_1                                     0        0.000%                0        0.000%
LD_EXEC_CYCLES_2                                     0        0.000%                0        0.000%
LD_EXEC_CYCLES_3                                 10684       99.906%            10684       99.906%
LD_EXEC_CYCLES_4                                    10        0.094%               10        0.094%
                                                 10694      100.000%            10694      100.000%
                                                  3.00         0.10              3.00         0.10

ICACHE_STAGE_STARVED                              3748        0.014%             3748        0.014%
ICACHE_STAGE_NOT_STARVED                      27630485       99.986%         27630485       99.986%
                                              27634233      100.000%         27634233      100.000%
                                                  1.00         1.00              1.00         1.00

ICACHE_STAGE_STALLED                           8029000       22.514%          8029000       22.514%
ICACHE_STAGE_NOT_STALLED                      27632363       77.482%         27632363       77.482%
ICACHE_STAGE_OFF_PATH                             1417        0.004%             1417        0.004%
                                              35662780      100.000%         35662780      100.000%
                                                  0.77         0.20              0.77         0.20

DECODE_STAGE_STARVED                          35661476      100.000%         35661476      100.000%
DECODE_STAGE_NOT_STARVED                            41        0.000%               41        0.000%
                                              35661517      100.000%         35661517      100.000%
                                                  0.00         0.00              0.00         0.00

DECODE_STAGE_STALLED                                 0        0.000%                0        0.000%
DECODE_STAGE_NOT_STALLED                      35661517       99.996%         35661517       99.996%
DECODE_STAGE_OFF_PATH                             1263        0.004%             1263        0.004%
                                              35662780      100.000%         35662780      100.000%
                                                  1.00         0.01              1.00         0.01

UOPQ_STAGE_STARVED                                2986        0.011%             2986        0.011%
UOPQ_STAGE_NOT_STARVED                        27630219       99.989%         27630219       99.989%
                                              27633205      100.000%         27633205      100.000%
                                                  1.00         1.00              1.00         1.00

UOPQ_STAGE_STALLED                             8029000       22.514%          8029000       22.514%
UOPQ_STAGE_NOT_STALLED                        27633205       77.485%         27633205       77.485%
UOPQ_STAGE_OFF_PATH                                575        0.002%              575        0.002%
                                              35662780      100.000%         35662780      100.000%
                                                  0.77         0.20              0.77         0.20

MAP_STAGE_STARVED                                 1983        0.006%             1983        0.006%
MAP_STAGE_NOT_STARVED                         35659520       99.994%         35659520       99.994%
                                              35661503      100.000%         35661503      100.000%
                                                  1.00         1.00              1.00         1.00

MAP_STAGE_STALLED                              8029021       22.514%          8029021       22.514%
MAP_STAGE_NOT_STALLED                         27632482       77.483%         27632482       77.483%
MAP_STAGE_OFF_PATH                                1277        0.004%             1277        0.004%
                                              35662780      100.000%         35662780      100.000%
                                                  0.77         0.20              0.77         0.20

EXEC_STAGE_STARVED                            33962926       95.234%         33962926       95.234%
EXEC_STAGE_NOT_STARVED                         1698731        4.763%          1698731        4.763%
EXEC_STAGE_OFF_PATH                               1123        0.003%             1123        0.003%
                                              35662780      100.000%         35662780      100.000%
                                                  0.05         0.21              0.05         0.21

FU_BUSY_0                                     25796154                       25796154              

FU_BUSY_1                                     20671166                       20671166              

FU_BUSY_2                                     16401574                       16401574              

FU_BUSY_3                                     14907392                       14907392              

FU_BUSY_4                                     15676272                       15676272              

FU_BUSY_5                                     17412977                       17412977              

FU_BUSY_6                                      7260003                        7260003              

FU_BUSY_7                                      7612586                        7612586              

FU_BUSY_8                                            0                              0              

FU_BUSY_9                                            0                              0              

FU_BUSY_10                                           0                              0              

FU_BUSY_11                                           0                              0              

FU_BUSY_12                                           0                              0              

FU_BUSY_13                                           0                              0              

FU_BUSY_14                                           0                              0              

FU_BUSY_15                                           0                              0              

FU_BUSY_16                                           0                              0              

FU_BUSY_17                                           0                              0              

FU_BUSY_18                                           0                              0              

FU_BUSY_19                                           0                              0              

FU_BUSY_20                                           0                              0              

FU_BUSY_21                                           0                              0              

FU_BUSY_22                                           0                              0              

FU_BUSY_23                                           0                              0              

FU_BUSY_24                                           0                              0              

FU_BUSY_25                                           0                              0              

FU_BUSY_26                                           0                              0              

FU_BUSY_27                                           0                              0              

FU_BUSY_28                                           0                              0              

FU_BUSY_29                                           0                              0              

FU_BUSY_30                                           0                              0              

FU_BUSY_31                                           0                              0              

FU_REJECTED_OP_INV_NOT_SIMD                          0        0.000%                0        0.000%
FU_REJECTED_OP_NOP_NOT_SIMD                          0        0.000%                0        0.000%
FU_REJECTED_OP_CF_NOT_SIMD                           0        0.000%                0        0.000%
FU_REJECTED_OP_MOV_NOT_SIMD                          0        0.000%                0        0.000%
FU_REJECTED_OP_CMOV_NOT_SIMD                         0        0.000%                0        0.000%
FU_REJECTED_OP_LDA_NOT_SIMD                          0        0.000%                0        0.000%
FU_REJECTED_OP_IMEM_NOT_SIMD                         0        0.000%                0        0.000%
FU_REJECTED_OP_IADD_NOT_SIMD                    590959      100.000%           590959      100.000%
FU_REJECTED_OP_IMUL_NOT_SIMD                         0        0.000%                0        0.000%
FU_REJECTED_OP_IDIV_NOT_SIMD                         0        0.000%                0        0.000%
FU_REJECTED_OP_ICMP_NOT_SIMD                         0        0.000%                0        0.000%
FU_REJECTED_OP_LOGIC_NOT_SIMD                        0        0.000%                0        0.000%
FU_REJECTED_OP_SHIFT_NOT_SIMD                        0        0.000%                0        0.000%
FU_REJECTED_OP_FMEM_NOT_SIMD                         0        0.000%                0        0.000%
FU_REJECTED_OP_FCVT_NOT_SIMD                         0        0.000%                0        0.000%
FU_REJECTED_OP_FADD_NOT_SIMD                         0        0.000%                0        0.000%
FU_REJECTED_OP_FMUL_NOT_SIMD                         0        0.000%                0        0.000%
FU_REJECTED_OP_FMA_NOT_SIMD                          0        0.000%                0        0.000%
FU_REJECTED_OP_FDIV_NOT_SIMD                         0        0.000%                0        0.000%
FU_REJECTED_OP_FCMP_NOT_SIMD                         0        0.000%                0        0.000%
FU_REJECTED_OP_FCMOV_NOT_SIMD                        0        0.000%                0        0.000%
FU_REJECTED_OP_GATHER_NOT_SIMD                       0        0.000%                0        0.000%
FU_REJECTED_OP_SCATTER_NOT_SIMD                      0        0.000%                0        0.000%
FU_REJECTED_OP_PIPELINED_FAST_NOT_SIMD               0        0.000%                0        0.000%
FU_REJECTED_OP_PIPELINED_MEDIUM_NOT_SIMD             0        0.000%                0        0.000%
FU_REJECTED_OP_PIPELINED_SLOW_NOT_SIMD               0        0.000%                0        0.000%
FU_REJECTED_OP_NOTPIPELINED_MEDIUM_NOT_SIMD             0        0.000%                0        0.000%
FU_REJECTED_OP_NOTPIPELINED_SLOW_NOT_SIMD             0        0.000%                0        0.000%
FU_REJECTED_OP_NOTPIPELINED_VERY_SLOW_NOT_SIMD             0        0.000%                0        0.000%
FU_REJECTED_OP_INV_SIMD                              0        0.000%                0        0.000%
FU_REJECTED_OP_NOP_SIMD                              0        0.000%                0        0.000%
FU_REJECTED_OP_CF_SIMD                               0        0.000%                0        0.000%
FU_REJECTED_OP_MOV_SIMD                              0        0.000%                0        0.000%
FU_REJECTED_OP_CMOV_SIMD                             0        0.000%                0        0.000%
FU_REJECTED_OP_LDA_SIMD                              0        0.000%                0        0.000%
FU_REJECTED_OP_IMEM_SIMD                             0        0.000%                0        0.000%
FU_REJECTED_OP_IADD_SIMD                             0        0.000%                0        0.000%
FU_REJECTED_OP_IMUL_SIMD                             0        0.000%                0        0.000%
FU_REJECTED_OP_IDIV_SIMD                             0        0.000%                0        0.000%
FU_REJECTED_OP_ICMP_SIMD                             0        0.000%                0        0.000%
FU_REJECTED_OP_LOGIC_SIMD                            0        0.000%                0        0.000%
FU_REJECTED_OP_SHIFT_SIMD                            0        0.000%                0        0.000%
FU_REJECTED_OP_FMEM_SIMD                             0        0.000%                0        0.000%
FU_REJECTED_OP_FCVT_SIMD                             0        0.000%                0        0.000%
FU_REJECTED_OP_FADD_SIMD                             0        0.000%                0        0.000%
FU_REJECTED_OP_FMUL_SIMD                             0        0.000%                0        0.000%
FU_REJECTED_OP_FMA_SIMD                              0        0.000%                0        0.000%
FU_REJECTED_OP_FDIV_SIMD                             0        0.000%                0        0.000%
FU_REJECTED_OP_FCMP_SIMD                             0        0.000%                0        0.000%
FU_REJECTED_OP_FCMOV_SIMD                            0        0.000%                0        0.000%
FU_REJECTED_OP_GATHER_SIMD                           0        0.000%                0        0.000%
FU_REJECTED_OP_SCATTER_SIMD                          0        0.000%                0        0.000%
FU_REJECTED_OP_PIPELINED_FAST_SIMD                   0        0.000%                0        0.000%
FU_REJECTED_OP_PIPELINED_MEDIUM_SIMD                 0        0.000%                0        0.000%
FU_REJECTED_OP_PIPELINED_SLOW_SIMD                   0        0.000%                0        0.000%
FU_REJECTED_OP_NOTPIPELINED_MEDIUM_SIMD              0        0.000%                0        0.000%
FU_REJECTED_OP_NOTPIPELINED_SLOW_SIMD                0        0.000%                0        0.000%
FU_REJECTED_OP_NOTPIPELINED_VERY_SLOW_SIMD             0        0.000%                0        0.000%
                                                590959      100.000%           590959      100.000%
                                                  7.00         0.00              7.00         0.00

OP_WAIT_0                                     73068175                       73068175              

OP_WAIT_1                                     24765823                       24765823              

OP_WAIT_2                                      6923801                        6923801              

OP_WAIT_3                                      3908965                        3908965              

OP_WAIT_4                                      3884674                        3884674              

OP_WAIT_5                                      1639331                        1639331              

OP_WAIT_6                                      1096799                        1096799              

OP_WAIT_7                                       686518                         686518              

OP_WAIT_8                                       578134                         578134              

OP_WAIT_9                                       419633                         419633              

OP_WAIT_10                                      412699                         412699              

OP_WAIT_11                                      233158                         233158              

OP_WAIT_12                                      207112                         207112              

OP_WAIT_13                                      392181                         392181              

OP_WAIT_14                                      310819                         310819              

OP_WAIT_15                                      207254                         207254              

OP_WAIT_16                                      248628                         248628              

OP_WAIT_17                                      374334                         374334              

OP_WAIT_18                                      274227                         274227              

OP_WAIT_19                                      297927                         297927              

OP_WAIT_20                                      190191                         190191              

OP_WAIT_21                                      200038                         200038              

OP_WAIT_22                                       47551                          47551              

OP_WAIT_23                                      139891                         139891              

OP_WAIT_24                                      267607                         267607              

OP_WAIT_25                                      155673                         155673              

OP_WAIT_26                                      114869                         114869              

OP_WAIT_27                                       47515                          47515              

OP_WAIT_28                                       34868                          34868              

OP_WAIT_29                                        7654                           7654              

OP_WAIT_30                                        2031                           2031              

OP_WAIT_31                                     2899552                        2899552              

ROW_SIZE_0                                    13272594                       13272594              

ROW_SIZE_1                                     1228474                        1228474              

ROW_SIZE_2                                      580797                         580797              

ROW_SIZE_3                                      209766                         209766              

ROW_SIZE_4                                      520611                         520611              

ROW_SIZE_5                                      160548                         160548              

ROW_SIZE_6                                    19688847                       19688847              

ROW_SIZE_7                                           0                              0              

ROW_SIZE_8                                           0                              0              

ROW_SIZE_9                                           0                              0              

ROW_SIZE_10                                          0                              0              

ROW_SIZE_11                                          0                              0              

ROW_SIZE_12                                          0                              0              

ROW_SIZE_13                                          0                              0              

ROW_SIZE_14                                          0                              0              

ROW_SIZE_15                                          0                              0              

ROW_SIZE_16                                          0                              0              

ROW_SIZE_17                                          0                              0              

ROW_SIZE_18                                          0                              0              

ROW_SIZE_19                                          0                              0              

ROW_SIZE_20                                          0                              0              

ROW_SIZE_21                                          0                              0              

ROW_SIZE_22                                          0                              0              

ROW_SIZE_23                                          0                              0              

ROW_SIZE_24                                          0                              0              

ROW_SIZE_25                                          0                              0              

ROW_SIZE_26                                          0                              0              

ROW_SIZE_27                                          0                              0              

ROW_SIZE_28                                          0                              0              

ROW_SIZE_29                                          0                              0              

ROW_SIZE_30                                          0                              0              

ROW_SIZE_31                                          0                              0              

RET_OP_EXEC_COUNT_0                                  0        0.000%                0        0.000%
RET_OP_EXEC_COUNT_1                          124037632      100.000%        124037632      100.000%
RET_OP_EXEC_COUNT_2                                  0        0.000%                0        0.000%
RET_OP_EXEC_COUNT_3                                  0        0.000%                0        0.000%
RET_OP_EXEC_COUNT_4                                  0        0.000%                0        0.000%
RET_OP_EXEC_COUNT_5                                  0        0.000%                0        0.000%
RET_OP_EXEC_COUNT_6                                  0        0.000%                0        0.000%
RET_OP_EXEC_COUNT_7                                  0        0.000%                0        0.000%
RET_OP_EXEC_COUNT_8                                  0        0.000%                0        0.000%
RET_OP_EXEC_COUNT_9                                  0        0.000%                0        0.000%
RET_OP_EXEC_COUNT_10                                 0        0.000%                0        0.000%
RET_OP_EXEC_COUNT_11                                 0        0.000%                0        0.000%
RET_OP_EXEC_COUNT_12                                 0        0.000%                0        0.000%
RET_OP_EXEC_COUNT_13                                 0        0.000%                0        0.000%
RET_OP_EXEC_COUNT_14                                 0        0.000%                0        0.000%
RET_OP_EXEC_COUNT_15                                 0        0.000%                0        0.000%
RET_OP_EXEC_COUNT_16                                 0        0.000%                0        0.000%
RET_OP_EXEC_COUNT_17                                 0        0.000%                0        0.000%
RET_OP_EXEC_COUNT_18                                 0        0.000%                0        0.000%
RET_OP_EXEC_COUNT_19                                 0        0.000%                0        0.000%
RET_OP_EXEC_COUNT_20                                 0        0.000%                0        0.000%
RET_OP_EXEC_COUNT_21                                 0        0.000%                0        0.000%
RET_OP_EXEC_COUNT_22                                 0        0.000%                0        0.000%
RET_OP_EXEC_COUNT_23                                 0        0.000%                0        0.000%
RET_OP_EXEC_COUNT_24                                 0        0.000%                0        0.000%
RET_OP_EXEC_COUNT_25                                 0        0.000%                0        0.000%
RET_OP_EXEC_COUNT_26                                 0        0.000%                0        0.000%
RET_OP_EXEC_COUNT_27                                 0        0.000%                0        0.000%
RET_OP_EXEC_COUNT_28                                 0        0.000%                0        0.000%
RET_OP_EXEC_COUNT_29                                 0        0.000%                0        0.000%
RET_OP_EXEC_COUNT_30                                 0        0.000%                0        0.000%
RET_OP_EXEC_COUNT_31                                 0        0.000%                0        0.000%
RET_OP_EXEC_COUNT_32                                 0        0.000%                0        0.000%
                                             124037632      100.000%        124037632      100.000%
                                                  1.00         0.00              1.00         0.00

RET_STALL_LENGTH_0                           123997306       99.967%        123997306       99.967%
RET_STALL_LENGTH_100                             37633        0.030%            37633        0.030%
RET_STALL_LENGTH_200                               787        0.001%              787        0.001%
RET_STALL_LENGTH_300                               375        0.000%              375        0.000%
RET_STALL_LENGTH_400                                64        0.000%               64        0.000%
RET_STALL_LENGTH_500                                25        0.000%               25        0.000%
RET_STALL_LENGTH_600                                10        0.000%               10        0.000%
RET_STALL_LENGTH_700                                 3        0.000%                3        0.000%
RET_STALL_LENGTH_800                                 1        0.000%                1        0.000%
RET_STALL_LENGTH_900                               339        0.000%              339        0.000%
RET_STALL_LENGTH_1000                              361        0.000%              361        0.000%
RET_STALL_LENGTH_1100                              368        0.000%              368        0.000%
RET_STALL_LENGTH_1200                              286        0.000%              286        0.000%
RET_STALL_LENGTH_1300                               53        0.000%               53        0.000%
RET_STALL_LENGTH_1400                               14        0.000%               14        0.000%
RET_STALL_LENGTH_1500                                5        0.000%                5        0.000%
RET_STALL_LENGTH_1600                                1        0.000%                1        0.000%
RET_STALL_LENGTH_1700                                0        0.000%                0        0.000%
RET_STALL_LENGTH_1800                                0        0.000%                0        0.000%
RET_STALL_LENGTH_1900                                1        0.000%                1        0.000%
RET_STALL_LENGTH_2000                                0        0.000%                0        0.000%
RET_STALL_LENGTH_2100                                0        0.000%                0        0.000%
RET_STALL_LENGTH_2200                                0        0.000%                0        0.000%
RET_STALL_LENGTH_2300                                0        0.000%                0        0.000%
RET_STALL_LENGTH_2400                                0        0.000%                0        0.000%
RET_STALL_LENGTH_2500                                0        0.000%                0        0.000%
RET_STALL_LENGTH_2600                                0        0.000%                0        0.000%
RET_STALL_LENGTH_2700                                0        0.000%                0        0.000%
RET_STALL_LENGTH_2800                                0        0.000%                0        0.000%
RET_STALL_LENGTH_2900                                0        0.000%                0        0.000%
RET_STALL_LENGTH_3000                                0        0.000%                0        0.000%
RET_STALL_LENGTH_3100                                0        0.000%                0        0.000%
RET_STALL_LENGTH_3200                                0        0.000%                0        0.000%
RET_STALL_LENGTH_3300                                0        0.000%                0        0.000%
RET_STALL_LENGTH_3400                                0        0.000%                0        0.000%
RET_STALL_LENGTH_3500                                0        0.000%                0        0.000%
RET_STALL_LENGTH_3600                                0        0.000%                0        0.000%
RET_STALL_LENGTH_3700                                0        0.000%                0        0.000%
RET_STALL_LENGTH_3800                                0        0.000%                0        0.000%
RET_STALL_LENGTH_3900                                0        0.000%                0        0.000%
RET_STALL_LENGTH_4000                                0        0.000%                0        0.000%
RET_STALL_LENGTH_4100                                0        0.000%                0        0.000%
RET_STALL_LENGTH_4200                                0        0.000%                0        0.000%
RET_STALL_LENGTH_4300                                0        0.000%                0        0.000%
RET_STALL_LENGTH_4400                                0        0.000%                0        0.000%
RET_STALL_LENGTH_4500                                0        0.000%                0        0.000%
RET_STALL_LENGTH_4600                                0        0.000%                0        0.000%
RET_STALL_LENGTH_4700                                0        0.000%                0        0.000%
RET_STALL_LENGTH_4800                                0        0.000%                0        0.000%
RET_STALL_LENGTH_4900                                0        0.000%                0        0.000%
RET_STALL_LENGTH_5000                                0        0.000%                0        0.000%
                                             124037632      100.000%        124037632      100.000%
                                                  0.00         0.04              0.00         0.04

MEM_BLOCK_LENGTH_0                                   0         -nan%                0         -nan%
MEM_BLOCK_LENGTH_100                                 0         -nan%                0         -nan%
MEM_BLOCK_LENGTH_200                                 0         -nan%                0         -nan%
MEM_BLOCK_LENGTH_300                                 0         -nan%                0         -nan%
MEM_BLOCK_LENGTH_400                                 0         -nan%                0         -nan%
MEM_BLOCK_LENGTH_500                                 0         -nan%                0         -nan%
MEM_BLOCK_LENGTH_600                                 0         -nan%                0         -nan%
MEM_BLOCK_LENGTH_700                                 0         -nan%                0         -nan%
MEM_BLOCK_LENGTH_800                                 0         -nan%                0         -nan%
MEM_BLOCK_LENGTH_900                                 0         -nan%                0         -nan%
MEM_BLOCK_LENGTH_1000                                0         -nan%                0         -nan%
MEM_BLOCK_LENGTH_1100                                0         -nan%                0         -nan%
MEM_BLOCK_LENGTH_1200                                0         -nan%                0         -nan%
MEM_BLOCK_LENGTH_1300                                0         -nan%                0         -nan%
MEM_BLOCK_LENGTH_1400                                0         -nan%                0         -nan%
MEM_BLOCK_LENGTH_1500                                0         -nan%                0         -nan%
MEM_BLOCK_LENGTH_1600                                0         -nan%                0         -nan%
MEM_BLOCK_LENGTH_1700                                0         -nan%                0         -nan%
MEM_BLOCK_LENGTH_1800                                0         -nan%                0         -nan%
MEM_BLOCK_LENGTH_1900                                0         -nan%                0         -nan%
MEM_BLOCK_LENGTH_2000                                0         -nan%                0         -nan%
MEM_BLOCK_LENGTH_2100                                0         -nan%                0         -nan%
MEM_BLOCK_LENGTH_2200                                0         -nan%                0         -nan%
MEM_BLOCK_LENGTH_2300                                0         -nan%                0         -nan%
MEM_BLOCK_LENGTH_2400                                0         -nan%                0         -nan%
MEM_BLOCK_LENGTH_2500                                0         -nan%                0         -nan%
MEM_BLOCK_LENGTH_2600                                0         -nan%                0         -nan%
MEM_BLOCK_LENGTH_2700                                0         -nan%                0         -nan%
MEM_BLOCK_LENGTH_2800                                0         -nan%                0         -nan%
MEM_BLOCK_LENGTH_2900                                0         -nan%                0         -nan%
MEM_BLOCK_LENGTH_3000                                0         -nan%                0         -nan%
MEM_BLOCK_LENGTH_3100                                0         -nan%                0         -nan%
MEM_BLOCK_LENGTH_3200                                0         -nan%                0         -nan%
MEM_BLOCK_LENGTH_3300                                0         -nan%                0         -nan%
MEM_BLOCK_LENGTH_3400                                0         -nan%                0         -nan%
MEM_BLOCK_LENGTH_3500                                0         -nan%                0         -nan%
MEM_BLOCK_LENGTH_3600                                0         -nan%                0         -nan%
MEM_BLOCK_LENGTH_3700                                0         -nan%                0         -nan%
MEM_BLOCK_LENGTH_3800                                0         -nan%                0         -nan%
MEM_BLOCK_LENGTH_3900                                0         -nan%                0         -nan%
MEM_BLOCK_LENGTH_4000                                0         -nan%                0         -nan%
MEM_BLOCK_LENGTH_4100                                0         -nan%                0         -nan%
MEM_BLOCK_LENGTH_4200                                0         -nan%                0         -nan%
MEM_BLOCK_LENGTH_4300                                0         -nan%                0         -nan%
MEM_BLOCK_LENGTH_4400                                0         -nan%                0         -nan%
MEM_BLOCK_LENGTH_4500                                0         -nan%                0         -nan%
MEM_BLOCK_LENGTH_4600                                0         -nan%                0         -nan%
MEM_BLOCK_LENGTH_4700                                0         -nan%                0         -nan%
MEM_BLOCK_LENGTH_4800                                0         -nan%                0         -nan%
MEM_BLOCK_LENGTH_4900                                0         -nan%                0         -nan%
MEM_BLOCK_LENGTH_5000                                0         -nan%                0         -nan%
                                                     0         -nan%                0         -nan%
                                                  -nan         -nan              -nan         -nan

FUS_BUSY_ON_PATH                             125736610        3.5257        125736610        3.5257

FUS_BUSY_OFF_PATH                                 1514        0.0000             1514        0.0000

FU_BUSY_MEM_STALL                              1698869        0.0476          1698869        0.0476

FUS_EMPTY                                    159564116        4.4742        159564116        4.4742

FU_UNAVAILABLE                                       0        0.0000                0        0.0000

FU_MEM_UNAVAILABLE                              590959        0.0166           590959        0.0166

FU_REPLAY                                            0        0.0000                0        0.0000

FU_STARVED                                   159564090        4.4742        159564090        4.4742

CHIP_UTILIZATION                                     0        0.0000                0        0.0000

CYCLES_UNDER_MEM_REQ                                 0                              0              

CYCLES_UNDER_NO_MEM_REQ                              0                              0              

CYCLES_UNDER_CRITICAL_MEM_REQ                        0                              0              

CYCLES_UNDER_NONCRITICAL_MEM_REQ                     0                              0              

CHIP_UTILIZATION_UNDER_MEM_REQ                       0          -nan                0          -nan

CHIP_UTILIZATION_UNDER_NO_MEM_REQ                    0          -nan                0          -nan

CHIP_UTILIZATION_UNDER_CRITICAL_MEM_REQ              0          -nan                0          -nan

CHIP_UTILIZATION_UNDER_NONCRITICAL_MEM_REQ             0          -nan                0          -nan

CYCLES_NOT_WAITING_FOR_OFF_CHIP                      0        0.0000                0        0.0000

FUS_BUSY_NOT_WAITING_FOR_OFF_CHIP                    0          -nan                0          -nan

CYCLES_WAITING_FOR_OFF_CHIP                          0        0.0000                0        0.0000

FUS_BUSY_WAITING_FOR_OFF_CHIP                        0          -nan                0          -nan

TOTAL_OFF_CHIP_DELAYS_LEFT                           0                              0              

WRONG_IO_SCHED                                       0                              0              

DVFS_CONFIG_SWITCH                                   0                              0              

MAP_STAGE_RECEIVED_OPS_0                             0        0.000%                0        0.000%
MAP_STAGE_RECEIVED_OPS_1                       3507277       12.694%          3507277       12.694%
MAP_STAGE_RECEIVED_OPS_2                         85538        0.310%            85538        0.310%
MAP_STAGE_RECEIVED_OPS_3                       2395212        8.669%          2395212        8.669%
MAP_STAGE_RECEIVED_OPS_4                       4704889       17.028%          4704889       17.028%
MAP_STAGE_RECEIVED_OPS_5                       7271194       26.316%          7271194       26.316%
MAP_STAGE_RECEIVED_OPS_6                       9666377       34.984%          9666377       34.984%
MAP_STAGE_RECEIVED_OPS_7                             0        0.000%                0        0.000%
MAP_STAGE_RECEIVED_OPS_8                             0        0.000%                0        0.000%
MAP_STAGE_RECEIVED_OPS_MAX                           0        0.000%                0        0.000%
                                              27630487      100.000%         27630487      100.000%
                                                  4.49         1.63              4.49         1.63

MAP_STAGE_WAIT_FOR_DECODE                            0         -nan%                0         -nan%
MAP_STAGE_CONSUME_DECODE                             0         -nan%                0         -nan%
                                                     0         -nan%                0         -nan%
                                                  -nan         -nan              -nan         -nan

MAP_STAGE_WAIT_FOR_DECODE2                           0         -nan%                0         -nan%
MAP_STAGE_CONSUME_DECODE2                            0         -nan%                0         -nan%
                                                     0         -nan%                0         -nan%
                                                  -nan         -nan              -nan         -nan

FTQ_RECOVER_EXEC                                    12                             12              

FTQ_RECOVER_DECODE                                   4                              4              

FTQ_OFFPATH_CYCLES                                2142                           2142              

FTQ_CYCLES_OFFPATH                                3654                           3654              

FTQ_CYCLES_ONPATH                             35659126                       35659126              

FTQ_FETCHED_INS_OFFPATH                           9093                           9093              

FTQ_FETCHED_INS_ONPATH                       124038020                      124038020              

FTQ_BREAK_FULL_FT_ONPATH                      35659032      100.000%         35659032      100.000%
FTQ_BREAK_MAX_CFS_TAKEN_ONPATH                      78        0.000%               78        0.000%
FTQ_BREAK_MAX_BYTES_ONPATH                           0        0.000%                0        0.000%
FTQ_BREAK_PRED_BR_ONPATH                             0        0.000%                0        0.000%
FTQ_BREAK_BAR_FETCH_ONPATH                           0        0.000%                0        0.000%
                                              35659110      100.000%         35659110      100.000%
                                                  0.00         0.00              0.00         0.00

FTQ_BREAK_FULL_FT_OFFPATH                         3537       96.376%             3537       96.376%
FTQ_BREAK_MAX_CFS_TAKEN_OFFPATH                     30        0.817%               30        0.817%
FTQ_BREAK_MAX_BYTES_OFFPATH                        103        2.807%              103        2.807%
FTQ_BREAK_PRED_BR_OFFPATH                            0        0.000%                0        0.000%
FTQ_BREAK_BAR_FETCH_OFFPATH                          0        0.000%                0        0.000%
                                                  3670      100.000%             3670      100.000%
                                                  0.06         0.34              0.06         0.34



