/* -*- Mode: c -*- */
####################################################################################################
Core 0
####################################################################################################
Cumulative:        Cycles: 35662780              Instructions: 100000000             IPC: 2.80404

Periodic:          Cycles: 35662780              Instructions: 100000000             IPC: 2.80404

ST_OP_INV                                            0        0.000%                0        0.000%
ST_OP_NOP                                      8386518        6.761%          8386518        6.761%
ST_OP_CF                                      25321120       20.413%         25321120       20.413%
ST_OP_MOV                                      2395240        1.931%          2395240        1.931%
ST_OP_CMOV                                           0        0.000%                0        0.000%
ST_OP_LDA                                      2395254        1.931%          2395254        1.931%
ST_OP_ILD                                     31309233       25.241%         31309233       25.241%
ST_OP_IST                                     13173816       10.620%         13173816       10.620%
ST_OP_IADD                                    21642717       17.448%         21642717       17.448%
ST_OP_IMUL                                           0        0.000%                0        0.000%
ST_OP_IDIV                                           0        0.000%                0        0.000%
ST_OP_ICMP                                     2480794        2.000%          2480794        2.000%
ST_OP_LOGIC                                   16937768       13.655%         16937768       13.655%
ST_OP_SHIFT                                          0        0.000%                0        0.000%
ST_OP_FLD                                            0        0.000%                0        0.000%
ST_OP_FST                                            0        0.000%                0        0.000%
ST_OP_FCVT                                           0        0.000%                0        0.000%
ST_OP_FADD                                           0        0.000%                0        0.000%
ST_OP_FMUL                                           0        0.000%                0        0.000%
ST_OP_FMA                                            0        0.000%                0        0.000%
ST_OP_FDIV                                           0        0.000%                0        0.000%
ST_OP_FCMP                                           0        0.000%                0        0.000%
ST_OP_FCMOV                                          0        0.000%                0        0.000%
ST_OP_GATHER                                         0        0.000%                0        0.000%
ST_OP_SCATTER                                        0        0.000%                0        0.000%
ST_OP_PIPELINED_FAST                                 0        0.000%                0        0.000%
ST_OP_PIPELINED_MEDIUM                               0        0.000%                0        0.000%
ST_OP_PIPELINED_SLOW                                 0        0.000%                0        0.000%
ST_OP_NOTPIPELINED_MEDIUM                            0        0.000%                0        0.000%
ST_OP_NOTPIPELINED_SLOW                              0        0.000%                0        0.000%
ST_OP_NOTPIPELINED_VERY_SLOW                         0        0.000%                0        0.000%
                                             124042460      100.000%        124042460      100.000%
                                                  6.14         3.37              6.14         3.37

ST_NOT_CF                                     98721340       79.587%         98721340       79.587%
ST_CF_BR                                       2395238        1.931%          2395238        1.931%
ST_CF_CBR                                     15740160       12.689%         15740160       12.689%
ST_CF_CALL                                     2395245        1.931%          2395245        1.931%
ST_CF_IBR                                      2395240        1.931%          2395240        1.931%
ST_CF_ICALL                                          0        0.000%                0        0.000%
ST_CF_ICO                                            0        0.000%                0        0.000%
ST_CF_RET                                      2395237        1.931%          2395237        1.931%
ST_CF_SYS                                            0        0.000%                0        0.000%
                                             124042460      100.000%        124042460      100.000%
                                                  0.54         1.19              0.54         1.19

ST_BAR_NONE                                  124042460      100.000%        124042460      100.000%
ST_BAR_FETCH                                         0        0.000%                0        0.000%
ST_BAR_ISSUE                                         0        0.000%                0        0.000%
ST_BAR_BOTH                                          0        0.000%                0        0.000%
                                             124042460      100.000%        124042460      100.000%
                                                  0.00         0.00              0.00         0.00

ST_NOT_MEM                                    79559411       64.139%         79559411       64.139%
ST_MEM_LD                                     31309233       25.241%         31309233       25.241%
ST_MEM_ST                                     13173816       10.620%         13173816       10.620%
ST_MEM_PF                                            0        0.000%                0        0.000%
ST_MEM_WH                                            0        0.000%                0        0.000%
ST_MEM_EVICT                                         0        0.000%                0        0.000%
                                             124042460      100.000%        124042460      100.000%
                                                  0.46         0.57              0.46         0.57

ST_NOT_MEM_OFFPATH                                4128       88.717%             4128       88.717%
ST_MEM_LD_OFFPATH                                  368        7.909%              368        7.909%
ST_MEM_ST_OFFPATH                                  157        3.374%              157        3.374%
ST_MEM_PF_OFFPATH                                    0        0.000%                0        0.000%
ST_MEM_WH_OFFPATH                                    0        0.000%                0        0.000%
ST_MEM_EVIC_OFFPATHT                                 0        0.000%                0        0.000%
                                                  4653      100.000%             4653      100.000%
                                                  0.15         0.42              0.15         0.42

ST_OP_ONPATH                                 124042460                      124042460              

ST_OP_OFFPATH                                     4653                           4653              

ST_FAKE_OP_OFFPATH                                3054       65.635%             3054       65.635%
ST_NOT_FAKE_OP_OFFPATH                            1599       34.365%             1599       34.365%
                                                  4653      100.000%             4653      100.000%
                                                  0.34         0.43              0.34         0.43

ST_FAKE_REASON_NOT_FAKE                           1599       34.365%             1599       34.365%
ST_FAKE_REASON_REDIRECT_TO_NOT_INSTRUMENTED          3054       65.635%             3054       65.635%
ST_FAKE_REASON_RETURN_TO_NOT_INSTRUMENTED             0        0.000%                0        0.000%
ST_FAKE_REASON_NONRET_CF_TO_NOT_INSTRUMENTED             0        0.000%                0        0.000%
ST_FAKE_REASON_NOT_TAKEN_TO_NOT_INSTRUMENTED             0        0.000%                0        0.000%
ST_FAKE_REASON_WRONG_PATH_STORE_TO_NEW_REGION             0        0.000%                0        0.000%
                                                  4653      100.000%             4653      100.000%
                                                  0.66         0.28              0.66         0.28

ST_INST_ONPATH                               100004517                      100004517              

ST_INST_OFFPATH                                   4334                           4334              

STATIC_PIN_NOP                                       0                              0              

DYNAMIC_PIN_REP_GREATER_256                          0                              0              

INST_MAP_UPDATE_JITTED                          342172        1.843%           342172        1.843%
INST_MAP_UPDATE_NPC_INV                              0        0.000%                0        0.000%
INST_MAP_UPDATE_NPC_NOP                              0        0.000%                0        0.000%
INST_MAP_UPDATE_NPC_CF                               0        0.000%                0        0.000%
INST_MAP_UPDATE_NPC_MOV                              0        0.000%                0        0.000%
INST_MAP_UPDATE_NPC_CMOV                             0        0.000%                0        0.000%
INST_MAP_UPDATE_NPC_LDA                              0        0.000%                0        0.000%
INST_MAP_UPDATE_NPC_IMEM                             0        0.000%                0        0.000%
INST_MAP_UPDATE_NPC_IADD                             0        0.000%                0        0.000%
INST_MAP_UPDATE_NPC_IMUL                             0        0.000%                0        0.000%
INST_MAP_UPDATE_NPC_IDIV                             0        0.000%                0        0.000%
INST_MAP_UPDATE_NPC_ICMP                             0        0.000%                0        0.000%
INST_MAP_UPDATE_NPC_LOGIC                            0        0.000%                0        0.000%
INST_MAP_UPDATE_NPC_SHIFT                            0        0.000%                0        0.000%
INST_MAP_UPDATE_NPC_FMEM                             0        0.000%                0        0.000%
INST_MAP_UPDATE_NPC_FCVT                             0        0.000%                0        0.000%
INST_MAP_UPDATE_NPC_FADD                             0        0.000%                0        0.000%
INST_MAP_UPDATE_NPC_FMUL                             0        0.000%                0        0.000%
INST_MAP_UPDATE_NPC_FMA                              0        0.000%                0        0.000%
INST_MAP_UPDATE_NPC_FDIV                             0        0.000%                0        0.000%
INST_MAP_UPDATE_NPC_FCMP                             0        0.000%                0        0.000%
INST_MAP_UPDATE_NPC_FCMOV                            0        0.000%                0        0.000%
INST_MAP_UPDATE_NPC_GATHER                           0        0.000%                0        0.000%
INST_MAP_UPDATE_NPC_SCATTER                          0        0.000%                0        0.000%
INST_MAP_UPDATE_NPC_PIPELINED_FAST                   0        0.000%                0        0.000%
INST_MAP_UPDATE_NPC_PIPELINED_MEDIUM                 0        0.000%                0        0.000%
INST_MAP_UPDATE_NPC_PIPELINED_SLOW                   0        0.000%                0        0.000%
INST_MAP_UPDATE_NPC_NOTPIPELINED_MEDIUM              0        0.000%                0        0.000%
INST_MAP_UPDATE_NPC_NOTPIPELINED_SLOW                0        0.000%                0        0.000%
INST_MAP_UPDATE_NPC_NOTPIPELINED_VERY_SLOW             0        0.000%                0        0.000%
INST_MAP_UPDATE_MEM_INV                              0        0.000%                0        0.000%
INST_MAP_UPDATE_MEM_NOP                              0        0.000%                0        0.000%
INST_MAP_UPDATE_MEM_CF                               0        0.000%                0        0.000%
INST_MAP_UPDATE_MEM_MOV                       14627920       78.802%         14627920       78.802%
INST_MAP_UPDATE_MEM_CMOV                             0        0.000%                0        0.000%
INST_MAP_UPDATE_MEM_LDA                              0        0.000%                0        0.000%
INST_MAP_UPDATE_MEM_IMEM                             0        0.000%                0        0.000%
INST_MAP_UPDATE_MEM_IADD                             0        0.000%                0        0.000%
INST_MAP_UPDATE_MEM_IMUL                       3592822       19.355%          3592822       19.355%
INST_MAP_UPDATE_MEM_IDIV                             0        0.000%                0        0.000%
INST_MAP_UPDATE_MEM_ICMP                             0        0.000%                0        0.000%
INST_MAP_UPDATE_MEM_LOGIC                            0        0.000%                0        0.000%
INST_MAP_UPDATE_MEM_SHIFT                            0        0.000%                0        0.000%
INST_MAP_UPDATE_MEM_FMEM                             0        0.000%                0        0.000%
INST_MAP_UPDATE_MEM_FCVT                             0        0.000%                0        0.000%
INST_MAP_UPDATE_MEM_FADD                             0        0.000%                0        0.000%
INST_MAP_UPDATE_MEM_FMUL                             0        0.000%                0        0.000%
INST_MAP_UPDATE_MEM_FMA                              0        0.000%                0        0.000%
INST_MAP_UPDATE_MEM_FDIV                             0        0.000%                0        0.000%
INST_MAP_UPDATE_MEM_FCMP                             0        0.000%                0        0.000%
INST_MAP_UPDATE_MEM_FCMOV                            0        0.000%                0        0.000%
INST_MAP_UPDATE_MEM_GATHER                           0        0.000%                0        0.000%
INST_MAP_UPDATE_MEM_SCATTER                          0        0.000%                0        0.000%
INST_MAP_UPDATE_MEM_PIPELINED_FAST                   0        0.000%                0        0.000%
INST_MAP_UPDATE_MEM_PIPELINED_MEDIUM                 0        0.000%                0        0.000%
INST_MAP_UPDATE_MEM_PIPELINED_SLOW                   0        0.000%                0        0.000%
INST_MAP_UPDATE_MEM_NOTPIPELINED_MEDIUM              0        0.000%                0        0.000%
INST_MAP_UPDATE_MEM_NOTPIPELINED_SLOW                0        0.000%                0        0.000%
INST_MAP_UPDATE_MEM_NOTPIPELINED_VERY_SLOW             0        0.000%                0        0.000%
                                              18562914      100.000%         18562914      100.000%
                                                 33.36         2.07             33.36         2.07



